


PAGE    1      INVCNTRY.PLS IDE                                                                               03-27-04 13:27:09
                                         

PL/B COMPILER   Version 8.7E  06 Jan 2004 
COMMAND LINE WAS: PLBCMP "INVCNTRY.PLS","F:\PLC\INVCNTRY.PLC",,c:\docume~1\lauraa~1\applic~1\sunide\SCRATCH -ZG,ZT,S,ZH,E,X,P "IDE" 

   12.    INCLUDE  A: common.txt
   14.    INCLUDE  B: rcvbles.txt
   35.    INCLUDE  C: f:\source.cnv\custmast.txt
   37.    INCLUDE  D: contfile.txt
   39.    INCLUDE  E: balfwdfl.txt
  519.    INCLUDE  F: f:\source.cnv\custio.txt
  521.    INCLUDE  G: rcvblsio.txt
  523.    INCLUDE  H: contrlio.txt
   57. H                                       RETURN 
                                                     *WARNING*
Warning: Statement has no label and follows unconditional goto.
  525.    INCLUDE  I: balfwdio.txt

   Output: f:\plc\invcntry.plc                                                                                                                                                                                                                                       
       967 LINES;      0 ERRORS;      1 WARNINGS; Start/Stop: 13:27:09 13:27:10
  0000245C DATA;  00000D3A  CODE;   SYMBOL TABLE USAGE:  UDA:   0% EXE:   0%



PAGE    2      INVCNTRY.PLS IDE                                                                               03-27-04 13:27:10
                                         

"                                          D     172.  *
"                                          D     310.  *   173.     174.     175.     176.     177.     178.     179.  
                                                     *   180.     181.  
" 0                                        D     237.  *   276.     277.     297.  
"00000                                     D     153.  *   154.  
"000000                                    D     152.  *
"APP                                       D     105.  *   485.      24. I
"APPMENU1                                  D      19. I*
"ARMENU1                                   D      73.  *    83.     118.     124.     438.     472.     477.     517.  
                                                     *    15. G
"C                                         D     363.  *
"E                                         D      85. G*
"H                                         D       8. F*    28. F    43. F    34. G    48. G    69. G    82. G    31. H
                                                     *    55. H    12. I    27. I    36. I
"I                                         D     203.  *
"M                                         D     209.  *   395.     486.      32. F    25. G    40. G    52. G    22. I
                                                     *    31. I
"O                                         D     164.  *
"OPEN                                      D      39. I*
"READ                                      D      42. I*
"S                                         D     163.  *
"WRITE                                     D      45. I*
-1                                         F     335.  *   365.     466.  
0                                          F     138.  *   155.     156.     157.     158.     159.     165.     166.  
                                                     *   167.     168.     169.     170.  
1                                          F     259.  *   265.  
13                                         F     257.  *
21                                         F     141.  *
32                                         F     263.  *
4                                          F     137.  *
ACCTINVC                                   D      56.  *   412.     413.     414.     415.     416.     420.  
ACCTNUMB                                   D      14. A*
ADDRCVB                                    X      38. G*   400.  
ADDTOTS                                    X     383.  *   372.  
APPCODE                                    D      31. A*
APPSECUR                                   F      32. A*
ARDATE                                     D       8. E*    25. I    33. I    34. I
ARFILEDT                                   i      19.  *    88.     430.  
ARFLDTKY                                   D      26.  *   424.     425.     426.     427.     428.     429.     430.  
ARFLDTNM                                   D      20.  *    88.  
ARFLXX                                     i      16.  *    87.     420.  
ARFLXXNM                                   D      17.  *    87.  
ARXX                                       X      85.  *    79.  
ASKOKAY                                    X     368.  *
BADARWRT                                   X     469.  *   402.  
BADCTLS                                    X     114.  *   108.     111.  
BADCUST                                    X     474.  *   458.  
BADPUTZ                                    X     512.  *   494.     497.     515.  
BALFDISP                                   X      16. I*    40. I    43. I    46. I
BALFKEY                                    D      21. E*    24. I    25. I    34. I
BALFNAME                                   D      17. E*    11. I    17. I
BALFRTRN                                   X      14. I*    28. I    37. I
BALFUNCT                                   D      20. E*    17. I    39. I    42. I    45. I



PAGE    3      INVCNTRY.PLS IDE                                                                               03-27-04 13:27:10
                                         

BALFWD                                     i      16. E*    11. I    25. I    34. I
BALREC0                                    F      19. E*
BALTOTL                                    X     341.  *
BEEPDATE                                   X     271.  *   258.     260.     264.     266.  
BEGIN                                      X     127.  *   112.  
CARTONS                                    F      58. B*
CHAINOUT                                   X     517.  *   505.  
CHEKTYPE                                   X     443.  *   432.  
COMMCODE                                   D      26. C*    23. F    40. F
CONTROLS                                   i       4. D*   504.      11. H    16. H    42. H
CSTNAME                                    D      33.  *     7. F
CTLCASH                                    F      16. D*    22. H    48. H
CTLDATE                                    D      11. D*    17. H    43. H
CTLINVC                                    F      12. D*    18. H    44. H
CTLKEY                                     D      10. D*   105.     485.      16. H    42. H
CTLMCASH                                   F      19. D*    25. H    51. H
CTLMRCVD                                   F      17. D*    23. H    49. H
CTLMSOLD                                   F      18. D*    24. H    50. H
CTLNAME                                    D       5. D*    11. H
CTLPONO                                    F      13. D*    19. H    45. H
CTLRCVD                                    F      14. D*    20. H    46. H
CTLRTRN                                    X      32. H*    56. H
CTLSCRED                                   X     360.  *   353.  
CTLSOLD                                    F      15. D*   357.     490.      21. H    47. H
CTLYCASH                                   F      22. D*    28. H    54. H
CTLYRCVD                                   F      20. D*    26. H    52. H
CTLYSOLD                                   F      21. D*    27. H    53. H
CURNTDUE                                   F      31. C*   448.      24. F    41. F
CUSTADDR                                   D      11. C*    19. F    37. F
CUSTADR2                                   D      12. C*
CUSTCATG                                   D      17. C*    21. F    38. F
CUSTCITY                                   D      13. C*    20. F    38. F
CUSTCRED                                   F      16. C*    20. F    38. F
CUSTFILE                                   i      32.  *   502.       7. F    19. F    37. F
CUSTKEY                                    D       8. C*   300.      19. F    37. F
CUSTNAME                                   D      10. C*   309.      19. F    37. F
CUSTOK                                     X     310.  *
CUSTSTAT                                   D      14. C*    20. F    38. F
CUSTSTTS                                   D       9. C*    19. F    37. F
CUSTZIP                                    F      15. C*    20. F    38. F
DATE6                                      D      10. A*
DATES                                      X     233.  *
DAY                                        D      50.  *   234.     239.     243.     253.     262.     277.     278.  
                                                     *   281.     453.  
DIDOLS                                     F      47.  *   156.     362.     365.     366.     383.     384.  
DINVTOTL                                   F      46.  *   157.     332.     335.     337.     339.  
DISPDATE                                   X     276.  *
DISPNAME                                   X     309.  *   303.  
DOCNO                                      D      60.  *   153.     187.     194.     195.     196.     198.     199.  
                                                     *   208.     393.     398.  
DOCOK                                      X     229.  *   221.     223.  
DOCTYPE                                    D      61.  *   203.     204.     219.     220.     222.     229.     399.  
DUMBLOOP                                   X     377.  *   217.  



PAGE    4      INVCNTRY.PLS IDE                                                                               03-27-04 13:27:10
                                         

ENVS                                       D      11. A*
EOFRCVB                                    X      85. G*    81. G
EOJ                                        X     480.  *   191.  
ERRORSW1                                   D      21. A*
ERRORSW2                                   D      22. A*
ERRORSW3                                   D      23. A*
ERRORSW4                                   D      24. A*
FIRSTIME                                   D      17. A*
FROMPGM                                    D      16. A*
GETCTL                                     X      14. H*   106.     487.  
GETCUST                                    X      16. F*   301.  
GETRCVB                                    X      23. G*   210.  
GOODCUST                                   X     296.  *   288.  
GTBALFWD                                   X      21. I*   109.  
IAMTPD1                                    F      28. B*   166.      28. G    43. G    64. G    76. G
IAMTPD2                                    F      29. B*   167.      28. G    43. G    64. G    76. G
IAMTPD3                                    F      30. B*   168.      28. G    43. G    64. G    76. G
IAMTPD4                                    F      31. B*   169.      28. G    43. G    64. G    76. G
IAMTPD5                                    F      32. B*   170.      28. G    43. G    64. G    76. G
IAMTRCVD                                   F      62. B*
ICHK1                                      D      34. B*   172.      29. G    44. G    65. G    77. G
ICHK2                                      D      35. B*   173.      29. G    44. G    65. G    77. G
ICHK3                                      D      36. B*   174.      29. G    44. G    65. G    77. G
ICHK4                                      D      37. B*   175.      29. G    44. G    65. G    77. G
ICHK5                                      D      38. B*   176.      29. G    44. G    65. G    77. G
IDOLSLFT                                   F      48. B*   159.     338.     341.     342.     362.     448.     449.  
                                                     *   464.     465.      31. G    46. G    67. G    79. G
IDTPD1                                     D      40. B*   177.      30. G    45. G    66. G    78. G
IDTPD2                                     D      41. B*   178.      30. G    45. G    66. G    78. G
IDTPD3                                     D      42. B*   179.      30. G    45. G    66. G    78. G
IDTPD4                                     D      43. B*   180.      30. G    45. G    66. G    78. G
IDTPD5                                     D      44. B*   181.      30. G    45. G    66. G    78. G
IMATLS                                     F      46. B*   155.  
INCRCRDT                                   X     464.  *   444.  
INVBLNO                                    D      60. B*
INVCCNT                                    F      45.  *   385.     387.  
INVCHECK                                   D      63. B*
INVCNUMB                                   F      58.  *   194.     195.  
INVCOMP                                    D      19. B*   150.     151.     163.      26. G    41. G    62. G    74. G
INVCUST                                    D      22. B*   152.     285.     286.     287.     292.     293.     296.  
                                                     *   297.     298.     299.     300.     413.     476.      26. G    41. G
                                                     *    62. G    74. G
INVDATE                                    D      23. B*   279.     280.     281.     282.     283.      27. G    42. G
                                                     *    63. G    75. G
INVDTPAY                                   D      61. B*
INVFOB                                     D      53. B*
INVKEY                                     D      17. B*   146.     147.     154.     186.     199.     201.     398.  
                                                     *   404.     415.     428.      26. G    41. G    62. G    74. G
INVMESG                                    D      54. B*
INVNUMB                                    D      13. A*
INVORDNO                                   D      56. B*
INVSHIP                                    D      59. B*
INVSTAT                                    D      20. B*   164.      26. G    41. G    62. G    74. G



PAGE    5      INVCNTRY.PLS IDE                                                                               03-27-04 13:27:10
                                         

INVTOTL                                    F      24. B*   158.     319.     323.     325.     332.     338.      27. G
                                                     *    42. G    63. G    75. G
INVTYPE                                    D      18. B*   148.     149.     229.     333.     352.     363.     399.  
                                                     *   414.     443.      26. G    41. G    62. G    74. G
INVWGHT                                    F      57. B*
IOERFILE                                   D      28. A*
IOSW                                       D      48.  *    68.      78.     107.     110.     209.     211.     302.  
                                                     *   395.     401.     457.     486.     488.     493.     496.       8. F
                                                     *    28. F    32. F    43. F    25. G    34. G    40. G    48. G    52. G
                                                     *    69. G    82. G    85. G    31. H    55. H    12. I    22. I    27. I
                                                     *    31. I    36. I
IOTEST                                     D      26. A*
IOTYPE                                     D      27. A*
IPMNTS                                     F      26. B*   165.      27. G    42. G    63. G    75. G
IPRGDTE                                    D      49. B*    31. G    46. G    67. G    79. G
KEYACCT                                    X     285.  *   294.     307.     316.  
KEYCODE                                    X     219.  *   212.     227.  
KEYDATE                                    X     247.  *   274.  
KEYDOCNO                                   X     184.  *   161.     197.  
KEYTOTL                                    X     318.  *   330.  
KMON                                       D      59.  *   247.     248.     249.     251.     252.  
KXXX                                       X     256.  *   250.  
LBALCRED                                   F      11. E*   360.      26. I    35. I
LBALFWD                                    F       9. E*    25. I    34. I
LSTPAYDT                                   D      22. C*    22. F    39. F
LSTPAYPR                                   F      24. C*    22. F    39. F
LSTSALDT                                   D      21. C*   451.     452.     453.     454.     455.      22. F    39. F
LSTSALPR                                   F      23. C*   449.     465.     466.      22. F    39. F
MON                                        D      49.  *   233.     236.     237.     243.     252.     256.     276.  
                                                     *   278.     280.     452.  
MOREORDR                                   D      55. B*
MTDCASH                                    F      39. C*    25. F    42. F
MTDCRED                                    F      40. C*   464.      25. F    42. F
NDAY                                       F      53.  *   262.     263.     265.  
NEWFILE                                    i      22.  *    89.     405.     500.  
NEWFLNM                                    D      23.  *    89.  
NGGTBALF                                   X      42. I*    23. I
NGPTBALF                                   X      45. I*    32. I
NINVCNO                                    D      24.  *   404.     405.  
NMON                                       F      52.  *   256.     257.     259.  
NOACCTS                                    X      71.  *    66.  
NOAR                                       X      80.  *    76.  
NOBALFWD                                   X      39. I*    10. I
NOCTLS                                     X      34. H*    10. H    15. H    29. H    41. H
NOCUSTFD                                   X      32. F*    27. F    36. F
NOCUSTO                                    X      11. F*     6. F    17. F
NOINDX                                     X     120.  *    86.  
NOINSERT                                   X     434.  *   419.  
NORCVBHD                                   X      11. G*     7. G
NTRYLOOP                                   X     140.  *   381.     462.  
NYR                                        F      54.  *   268.  
OK                                         X      75.  *    69.  
OKIN                                       X     332.  *   326.  



PAGE    6      INVCNTRY.PLS IDE                                                                               03-27-04 13:27:10
                                         

ONECENT                                    F      57.  *   325.     342.  
OPENBALF                                   X       9. I*   101.  
OPENCTLS                                   X       9. H*   100.  
OPENCUST                                   X       5. F*    67.  
OPENRCVB                                   X       6. G*    77.  
PAGETOTL                                   F      43.  *   138.     383.  
PD01TO30                                   F      32. C*    24. F    41. F
PD31TO60                                   F      33. C*    24. F    41. F
PD61TO90                                   F      34. C*    24. F    41. F
PDOVR90                                    F      35. C*    25. F    42. F
PONUMBS                                    D      12. A*
PORTN                                      D       7. A*
PTBALFWD                                   X      30. I*
PUTCST                                     X     451.  *   467.  
PUTCTL                                     X      40. H*   492.  
PUTCUST                                    X      35. F*   456.  
PUTRCVB                                    X      60. G*
RBALCRED                                   F      12. E*    26. I    35. I
RBALFWD                                    F      10. E*    25. I    34. I
RCVBFILE                                   i      13. B*   499.       8. G    26. G    41. G    62. G    74. G
RCVBNAME                                   D      14. B*     8. G
RCVBRTRN                                   X      50. G*    53. G
RCVBSKS                                    X      72. G*
RCVDUPE                                    X      55. G*    39. G
RCVIOERR                                   X      17. G*    21. G    61. G    73. G
RCVNTFD                                    X      52. G*    24. G    33. G    58. G
RECYCLE                                    X     136.  *   142.  
REPLY                                      D      41.  *   310.     314.     315.     370.     371.  
ROW                                        F      42.  *   137.     140.     141.     187.     201.     204.     219.  
                                                     *   243.     248.     253.     254.     278.     286.     290.     291.  
                                                     *   299.     309.     318.     319.     337.     339.     341.     366.  
                                                     *   378.     379.  
RUNTOTL                                    F      44.  *   384.     388.     490.  
S$CMDLIN                                   D       0.  *
S$ERROR$                                   D       0.  *
S$RETVAL                                   F       0.  *
SAVTOTL                                    F      63.  *   323.     357.     360.  
SECURITY                                   F       9. A*
SETFLD                                     X     163.  *   160.     397.  
STARTKEY                                   D      55.  *   208.     392.     393.     394.      26. G    41. G
TESTONE                                    D      18. A*
TESTTHRE                                   D      20. A*
TESTTWO                                    D      19. A*
TODAY                                      D       8. A*    91.      92.      93.      94.      95.      96.     129.  
                                                     *   236.     238.     239.     240.     241.     242.      33. I
TYPOK                                      X     337.  *   334.     347.  
TYPOK2                                     X     352.  *   343.  
TYPOK22                                    X     362.  *   358.  
TYPXX                                      X     366.  *   364.  
UGH                                        X     507.  *   489.     510.  
USERCODE                                   D      29. A*
USERLOCN                                   D      25. A*
USERNAME                                   D      30. A*



PAGE    7      INVCNTRY.PLS IDE                                                                               03-27-04 13:27:10
                                         

VENDNUMB                                   D      15. A*
XDD                                        D      29.  *    93.     427.  
XMM                                        D      28.  *    91.     426.  
XYY                                        D      30.  *    95.     425.  
YR                                         D      51.  *   235.     241.     243.     254.     268.     278.     282.  
                                                     *   454.  

