


PAGE    1      apcashrq                                                                                       02-11-19 11:35:23
                                         

PL/B COMPILER   Version 9.9    28 Oct 2016 
COMMAND LINE WAS: PLBCMP apcashrq -L=32 ZG ZI=0 ZT S ZL E PE"" 
PLBCMP_OPT=-ZG -ZI=0 -E -l=32 -ZT -p""

    4.    INCLUDE  A: common.pls
    6.    INCLUDE  B: apmastfd.pls
    8.    INCLUDE  C: aptranfd.pls
   53.    INCLUDE  D: apcalndr.pls
  134.    INCLUDE  E: apmasthr.pls
  153.    INCLUDE  F: apmastks.pls
  165.    INCLUDE  G: apmastup.pls
  172.    INCLUDE  H: apmasthr.pls
  185.    INCLUDE  I: aptranrd.pls
  195.    INCLUDE  J: aptranks.pls
  209.    INCLUDE  K: apmastrd.pls
  220.    INCLUDE  L: apmastrd.pls
  250.    INCLUDE  M: apmastup.pls
  320.    INCLUDE  N: apdates.pls
  410.    INCLUDE  O: apmastvk.pls
  437.    INCLUDE  P: apmasthr.pls
  448.    INCLUDE  Q: apmasthu.pls
  454.    INCLUDE  R: getdate.pls

   Output: c:\apc\plc\apcashrq.plc                                                                                                                                                                                                                                   
       813 LINES;      0 ERRORS;      0 WARNINGS; Start/Stop: 11:35:23 11:35:23
  0000235C DATA;  00000AD4  CODE;   SYMBOL TABLE USAGE:  UDA:   0% EXE:   0%

