


PAGE    1      appaydue                                                                                       02-11-19 11:35:31
                                         

PL/B COMPILER   Version 9.9    28 Oct 2016 
COMMAND LINE WAS: PLBCMP appaydue -L=32 ZG ZI=0 ZT S ZL E PE"" 
PLBCMP_OPT=-ZG -ZI=0 -E -l=32 -ZT -p""

    3.    INCLUDE  A: mscbrag.txt
    4.    INCLUDE  B: common.txt
    6.    INCLUDE  C: apmastfd.pls
    7.    INCLUDE  D: aptranfd.pls
   42.    INCLUDE  E: callerr1.inc
   12. E                              D        DIALOG 
                                                     *WARNING*
Warning: Obsolete data type!
   46.    INCLUDE  F: callerr2.inc
   73.    INCLUDE  G: aptranrd.pls
   83.    INCLUDE  H: aptranks.pls
  109.    INCLUDE  I: apmastrd.pls
  150.    INCLUDE  J: aptranbk.pls
  151.    INCLUDE  K: getdate.pls
  152.    INCLUDE  L: apmastvk.pls

   Output: c:\apc\plc\appaydue.plc                                                                                                                                                                                                                                   
       447 LINES;      0 ERRORS;      1 WARNINGS; Start/Stop: 11:35:31 11:35:31
  00001A34 DATA;  00000500  CODE;   SYMBOL TABLE USAGE:  UDA:   0% EXE:   0%

