


PAGE    1      msslupdt                                                                                       02-11-19 11:35:53
                                         

PL/B COMPILER   Version 9.9    28 Oct 2016 
COMMAND LINE WAS: PLBCMP msslupdt -L=32 ZG ZI=0 ZT S ZL E PE"" 
PLBCMP_OPT=-ZG -ZI=0 -E -l=32 -ZT -p""

    4.    INCLUDE  A: mscbrag.txt
   15.    INCLUDE  B: common.txt
   27.    INCLUDE  C: mspartsf.txt
   29.    INCLUDE  D: mspurchf.txt
   31.    INCLUDE  E: mssalesf.txt
   58.    INCLUDE  F: apmastfd.txt
   60.    INCLUDE  G: custmast.txt
   97.    INCLUDE  H: callerr1.inc
   12. H                              D        DIALOG 
                                                     *WARNING*
Warning: Obsolete data type!
   99.    INCLUDE  I: callerr2.inc
  117.    INCLUDE  J: mspartio.txt
  119.    INCLUDE  K: mssaleio.txt
  121.    INCLUDE  L: mspoio.txt
  123.    INCLUDE  M: stdioerr.txt
  125.    INCLUDE  N: stdfmter.txt
  127.    INCLUDE  O: stdparer.txt
  129.    INCLUDE  P: stdrange.txt
  131.    INCLUDE  Q: custio.txt
  176.    INCLUDE  R: msptsio.txt
  604.                                         GOTO      EOJ  IF F5
                                                   *WARNING*
Warning: Statement has no label and follows unconditional GOTO/RETURN.
  860.    INCLUDE  S: apmastrd.txt

   Output: c:\apc\plc\msslupdt.plc                                                                                                                                                                                                                                   
      1747 LINES;      0 ERRORS;      2 WARNINGS; Start/Stop: 11:35:53 11:35:53
  00003CD0 DATA;  00001B8C  CODE;   SYMBOL TABLE USAGE:  UDA:   0% EXE:   0%

