


PAGE    1      ACCTSNAM.PLS IDE                                                                               03-22-04 20:06:59
                                         

PL/B COMPILER   Version 8.7E  06 Jan 2004 
COMMAND LINE WAS: PLBCMP "ACCTSNAM.PLS","F:\PLC\ACCTSNAM.PLC",,c:\windows\applic~1\sunide\SCRATCH -ZG,ZT,S,ZH,E,X,P "IDE" 

    8.    INCLUDE  A: common.pls
   22.    INCLUDE  B: custmast.pls
   41.    INCLUDE  C: callerr1.inc
   45.    INCLUDE  D: callerr2.inc
   73.    INCLUDE  E: custrdks.pls

   Output: f:\plc\acctsnam.plc                                                                                                                                                                                                                                       
       370 LINES;      0 ERRORS;      0 WARNINGS; Start/Stop: 20:06:59 20:07:00
  00001210 DATA;  000002A4  CODE;   SYMBOL TABLE USAGE:  UDA:   0% EXE:   0%



PAGE    2      ACCTSNAM.PLS IDE                                                                               03-22-04 20:07:00
                                         

"                                          D      30. D*    60.  
" 0                                        D     127.  *   135.     150.  
"APP                                       D      55.  *
"CUSTOMER LIST IN ALPHA SEQUENCE           D      43.  *
0                                          F     166.  *   167.     183.  
1                                          F      84.  *    94.     138.     202.  
2                                          F     205.  *
50                                         F     146.  *
ACCTNUMB                                   D      14. A*
APPCODE                                    D      31. A*
APPSECUR                                   F      32. A*
COMMCODE                                   D      26. B*    11. E
COMP                                       D      27.  *    55.  
COMPVAR                                    D      30.  *    56.     182.  
CONT1                                      X      57.  *
CURNTDUE                                   F      31. B*    12. E
CUSTADDR                                   D      11. B*     7. E   155.  
CUSTADR2                                   D      12. B*
CUSTCATG                                   D      17. B*     9. E
CUSTCITY                                   D      13. B*     8. E   156.  
CUSTCRED                                   F      16. B*     8. E
CUSTFILE                                   i      11.  *    54.       7. E   211.  
CUSTKEY                                    D       8. B*     7. E   153.  
CUSTNAME                                   D      10. B*     7. E   154.  
CUSTSTAT                                   D      14. B*     8. E   157.  
CUSTSTTS                                   D       9. B*     7. E
CUSTZIP                                    F      15. B*     8. E   149.  
D                                          O 5    12. C*    13. D    16. D    31. D
DATE6                                      D      10. A*
DDATA                                      D      13. C*    13. D
DETCALC                                    X     142.  *
DETOUT                                     X     146.  *
ENVS                                       D      11. A*
EOJ                                        X     210.  *   110.  
EOJR                                       X      79.  *
ERRORSW1                                   D      21. A*
ERRORSW2                                   D      22. A*
ERRORSW3                                   D      23. A*
ERRORSW4                                   D      24. A*
FIRSTIME                                   D      17. A*
FROMPGM                                    D      16. A*    28. D    68.     213.  
HEADER                                     X     176.  *    58.     147.  
INDXIT                                     X      26. D*    22. D
INREC1                                     D      20.  *
INVNUMB                                    D      13. A*
IOERFILE                                   D      28. A*
IOTEST                                     D      26. A*
IOTYPE                                     D      27. A*
LINECT                                     F      15.  *   146.     162.     183.     205.  
LR                                         F      18.  *    84.     110.     202.  
LRTOT                                      F      19.  *   142.     204.  
LSTPAYDT                                   D      22. B*    10. E   129.     130.     131.     132.     133.     134.  
LSTPAYPR                                   F      24. B*    10. E



PAGE    3      ACCTSNAM.PLS IDE                                                                               03-22-04 20:07:00
                                         

LSTSALDT                                   D      21. B*    10. E   121.     122.     123.     124.     125.     126.  
LSTSALPR                                   F      23. B*    10. E
MAINLINE                                   X      30. D*    22. D
MOVEDATA                                   X     119.  *   115.  
MOVREP                                     X      56.  *
MTDCASH                                    F      39. B*    13. E
MTDCRED                                    F      40. B*    13. E
NAME                                       D      10.  *    54.  
NOFILE                                     X      65.  *    53.  
NULL                                       X      24. D*    22. D
NWFLD1                                     D      26.  *
PAGE                                       F      16.  *   176.     180.  
PCUSTZIP                                   D      24.  *   149.     150.     158.  
PD01TO30                                   F      32. B*    12. E
PD31TO60                                   F      33. B*    12. E
PD61TO90                                   F      34. B*    12. E
PDD                                        D      33.  *   131.  
PDOVR90                                    F      35. B*    13. E
PMM                                        D      32.  *   129.     135.  
PONUMBS                                    D      12. A*
PORTN                                      D       7. A*
PYY                                        D      34.  *   133.  
READ                                       X      73.  *    62.     171.  
READCUST                                   X       5. E*
REPLY                                      D      12.  *    30. D    60.  
REPTITL                                    D      29.  *    56.  
RESULT                                     F      11. C*    16. D    22. D
RID01                                      F      17.  *    94.     167.  
RIDON                                      X      94.  *    90.  
S$CMDLIN                                   D       0.  *
S$ERROR$                                   D       0.  *
S$RETVAL                                   F       0.  *
SDD                                        D      36.  *   123.  
SECURITY                                   F       9. A*
SEEMR                                      X     138.  *
SELMATCH                                   X      90.  *    78.  
SETLR                                      X      84.  *    79.  
SMM                                        D      35.  *   121.     127.  
SW1P                                       F      14.  *    99.     166.  
SWMR                                       F      13.  *   138.  
SYY                                        D      37.  *   125.  
TESTFC                                     X      99.  *
TESTIT                                     X      22. D*    16. D
TESTLR                                     X     110.  *    99.  
TESTOF                                     X     115.  *
TESTONE                                    D      18. A*
TESTTHRE                                   D      20. A*
TESTTWO                                    D      19. A*
TIME                                       D      38.  *    50.  
TITLTEXT                                   D       9. C*    43.      15. D
TODAY                                      D       8. A*   181.  
TOTCALC                                    X     103.  *    80.  
TOTCLX                                     X     104.  *



PAGE    4      ACCTSNAM.PLS IDE                                                                               03-22-04 20:07:00
                                         

TOTOUT                                     X     201.  *   105.  
TURNOFF                                    X     166.  *
USERCODE                                   D      29. A*
USERLOCN                                   D      25. A*
USERNAME                                   D      30. A*
VENDNUMB                                   D      15. A*

