


PAGE    1      ALFARLST.PLS IDE                                                                               03-27-04 13:14:24
                                         

PL/B COMPILER   Version 8.7E  06 Jan 2004 
COMMAND LINE WAS: PLBCMP "ALFARLST.PLS","F:\PLC\ALFARLST.PLC",,c:\docume~1\lauraa~1\applic~1\sunide\SCRATCH -ZG,ZT,S,ZH,E,X,P "IDE" 

    3.    INCLUDE  A: mscbrag.txt
    5.    INCLUDE  B: common.txt
   30.    INCLUDE  C: f:\source.cnv\custmast.txt
   35.    INCLUDE  D: rcvbles.txt
  223.    INCLUDE  E: f:\source.cnv\custio.txt

   Output: f:\plc\alfarlst.plc                                                                                                                                                                                                                                       
       463 LINES;      0 ERRORS;      0 WARNINGS; Start/Stop: 13:14:24 13:14:24
  00001554 DATA;  00000476  CODE;   SYMBOL TABLE USAGE:  UDA:   0% EXE:   0%



PAGE    2      ALFARLST.PLS IDE                                                                               03-27-04 13:14:24
                                         

"                                          D     134.  *
" ** APC COMPONENTS **                     D      96.  *
" 0                                        D      80.  *   125.  
"*ACCOUNT NOT ON FILE*                     D     176.  *
"00000                                     D     119.  *
"A                                         D      97.  *
"CRDT                                      D     169.  *
"DEL.                                      D     171.  *
"H                                         D       8. E*    28. E    43. E
"M                                         D      32. E*
"OPEN                                      D     153.  *
"PAID                                      D     165.  *
"PARTIAL                                   D     157.  *
"VOID                                      D     161.  *
-1                                         F     190.  *   191.  
0                                          F     218.  *   232.  
3                                          F     217.  *
50                                         F     199.  *
ACCTNUMB                                   D      14. B*
APPCODE                                    D      31. B*
APPSECUR                                   F      32. B*
CARTONS                                    F      58. D*
CHAINOUT                                   X     260.  *    92.  
CHEKSTAT                                   X     138.  *   131.  
CHKCLS                                     X     155.  *   152.  
COMMCODE                                   D      26. C*    23. E    40. E
COMP                                       D      27.  *    97.  
COMPVAR                                    D      37.  *    96.     231.     255.  
CONT1                                      X      62.  *    56.  
CRDTS                                      F      22.  *
CSTNAME                                    D      33.  *     7. E
CURNTDUE                                   F      31. C*    24. E    41. E
CUSTADDR                                   D      11. C*    19. E    37. E
CUSTADR2                                   D      12. C*
CUSTBRK                                    X     214.  *   146.     248.  
CUSTCATG                                   D      17. C*    21. E    38. E
CUSTCITY                                   D      13. C*    20. E    38. E
CUSTCRED                                   F      16. C*    20. E    38. E
CUSTFILE                                   i      32.  *     7. E    19. E    37. E
CUSTKEY                                    D       8. C*   150.     205.      19. E    37. E
CUSTNAME                                   D      10. C*   176.     204.      19. E    37. E
CUSTSTAT                                   D      14. C*    20. E    38. E
CUSTSTTS                                   D       9. C*    19. E    37. E
CUSTTOTL                                   F      24.  *   195.     215.     218.  
CUSTZIP                                    F      15. C*    20. E    38. E
DATE6                                      D      10. B*    75.      76.      77.      78.      79.      80.      81.  
                                                     *   126.  
DATE8                                      D      42.  *   181.     182.     183.     184.     185.     186.     187.  
DD                                         D      40.  *    70.      77.     184.     203.  
DETCALC                                    X     193.  *   189.  
DETOUT                                     X     199.  *
ENVS                                       D      11. B*
EOJROUT                                    X     248.  *   110.  



PAGE    3      ALFARLST.PLS IDE                                                                               03-27-04 13:14:24
                                         

ERRORSW1                                   D      21. B*
ERRORSW2                                   D      22. B*
ERRORSW3                                   D      23. B*
ERRORSW4                                   D      24. B*
FIRSTIME                                   D      17. B*
FIRSTSW                                    D      47.  *   130.     134.  
FROMPGM                                    D      16. B*   262.  
GETCOMP                                    X      94.  *    87.  
GETCUST                                    X      16. E*   173.  
HEADER                                     X     226.  *    98.     200.     252.  
IAMTPD1                                    F      28. D*   106.  
IAMTPD2                                    F      29. D*   106.  
IAMTPD3                                    F      30. D*   106.  
IAMTPD4                                    F      31. D*   106.  
IAMTPD5                                    F      32. D*   106.  
IAMTRCVD                                   F      62. D*
ICHK1                                      D      34. D*   107.  
ICHK2                                      D      35. D*   107.  
ICHK3                                      D      36. D*   107.  
ICHK4                                      D      37. D*   107.  
ICHK5                                      D      38. D*   107.  
IDOLSLFT                                   F      48. D*   109.     191.     194.     195.     207.  
IDTPD1                                     D      40. D*   108.  
IDTPD2                                     D      41. D*   108.  
IDTPD3                                     D      42. D*   108.  
IDTPD4                                     D      43. D*   108.  
IDTPD5                                     D      44. D*   108.  
IMATLS                                     F      46. D*
INPUT                                      i       9.  *    64.     104.  
INVBLNO                                    D      60. D*
INVCHECK                                   D      63. D*
INVCOMP                                    D      19. D*   104.  
INVCUST                                    D      22. D*   104.     133.     145.     150.     219.  
INVDATE                                    D      23. D*   105.     125.     126.     181.  
INVDTPAY                                   D      61. D*
INVFOB                                     D      53. D*
INVKEY                                     D      17. D*   104.     119.     202.  
INVMESG                                    D      54. D*
INVNUMB                                    D      13. B*
INVORDNO                                   D      56. D*
INVSHIP                                    D      59. D*
INVSTAT                                    D      20. D*   104.     138.     140.     142.     151.     155.     159.  
                                                     *   163.     167.  
INVTOTL                                    F      24. D*   105.     190.     206.  
INVTYPE                                    D      18. D*   104.     188.  
INVWGHT                                    F      57. D*
IOERFILE                                   D      28. B*
IOSW                                       D      26.  *    85.     174.       8. E    28. E    32. E    43. E
IOTEST                                     D      26. B*
IOTYPE                                     D      27. B*
IPMNTS                                     F      26. D*   105.  
IPRGDTE                                    D      49. D*   109.  
LINECT                                     F      15.  *   199.     209.     217.     232.  



PAGE    4      ALFARLST.PLS IDE                                                                               03-27-04 13:14:24
                                         

LR                                         F      18.  *
LRTOT                                      F      19.  *   193.     255.  
LSTPAYDT                                   D      22. C*    22. E    39. E
LSTPAYPR                                   F      24. C*    22. E    39. E
LSTSALDT                                   D      21. C*    22. E    39. E
LSTSALPR                                   F      23. C*    22. E    39. E
MAKCANC                                    X     159.  *   156.  
MKC1                                       X     163.  *   160.  
MKC2                                       X     167.  *   164.  
MKC3                                       X     171.  *   168.  
MM                                         D      39.  *    68.      76.     182.     203.  
MOREORDR                                   D      55. D*
MOVEDATA                                   X     149.  *
MOVLIB                                     X      96.  *
MTDCASH                                    F      39. C*    25. E    42. E
MTDCRED                                    F      40. C*    25. E    42. E
NAME                                       D       7.  *    64.  
NOARFILE                                   X      58.  *    60.      63.  
NOCUSTFD                                   X      32. E*    27. E    36. E
NOCUSTO                                    X      11. E*     6. E    17. E
NOFILE                                     X      89.  *    86.  
OPENCUST                                   X       5. E*    84.  
ORDRTOTS                                   F      23.  *   194.     250.     256.  
PAGE                                       F      16.  *   226.     230.  
PAIDS                                      F      21.  *
PD01TO30                                   F      32. C*    24. E    41. E
PD31TO60                                   F      33. C*    24. E    41. E
PD61TO90                                   F      34. C*    24. E    41. E
PDOVR90                                    F      35. C*    25. E    42. E
PNOVEND                                    X     176.  *
PONUMBS                                    D      12. B*
PORTN                                      D       7. B*
PUTCUST                                    X      35. E*
RCVBFILE                                   i      13. D*
RCVBNAME                                   D      14. D*
READ                                       X     104.  *   120.     127.     139.     141.     143.     210.  
REPLY                                      D      12.  *
RID01                                      F      17.  *
S$CMDLIN                                   D       0.  *
S$ERROR$                                   D       0.  *
S$RETVAL                                   F       0.  *
SAVEACCT                                   D      46.  *   133.     145.     219.  
SECURITY                                   F       9. B*
SETDATE                                    X     180.  *   175.  
STATUS                                     D      44.  *   153.     157.     161.     165.     169.     171.  
SW1P                                       F      14.  *
SWMR                                       F      13.  *
TESTONE                                    D      18. B*
TESTTHRE                                   D      20. B*
TESTTWO                                    D      19. B*
TODAY                                      D       8. B*    54.      68.      69.      70.      71.      72.      73.  
                                                     *   229.  
TRAPS                                      X     172.  *   154.     158.     162.     166.     170.  



PAGE    5      ALFARLST.PLS IDE                                                                               03-27-04 13:14:24
                                         

USERCODE                                   D      29. B*
USERLOCN                                   D      25. B*
USERNAME                                   D      30. B*
VENDNUMB                                   D      15. B*
VOIDS                                      F      20.  *
YY                                         D      41.  *    72.      78.     186.     203.  

