


PAGE    1      ACCTSLCT.PLS IDE                                                                               03-22-04 20:06:43
                                         

PL/B COMPILER   Version 8.7E  06 Jan 2004 
COMMAND LINE WAS: PLBCMP "ACCTSLCT.PLS","F:\PLC\ACCTSLCT.PLC",,c:\windows\applic~1\sunide\SCRATCH -ZG,ZT,S,ZH,E,X,P "IDE" 

    3.    INCLUDE  A: common.pls
   10.    INCLUDE  B: custmast.pls
   39.    INCLUDE  C: callerr1.inc
   43.    INCLUDE  D: callerr2.inc

   Output: f:\plc\acctslct.plc                                                                                                                                                                                                                                       
       301 LINES;      0 ERRORS;      0 WARNINGS; Start/Stop: 20:06:43 20:06:44
  000012C0 DATA;  0000029A  CODE;   SYMBOL TABLE USAGE:  UDA:   0% EXE:   0%



PAGE    2      ACCTSLCT.PLS IDE                                                                               03-22-04 20:06:44
                                         

"                                          D      30. D*
"                                          D      95.  *
"                                          D     135.  *   136.  
"CUSTOMER LIST BY STATE                    D      41.  *
4                                          F     158.  *
55                                         F     123.  *
58                                         F      49.  *
ACCOUNTS                                   i       5.  *    58.      97.     102.  
ACCTFLAG                                   D      27.  *    79.      80.      82.      84.  
ACCTNUMB                                   D      14. A*
ACCTPT                                     X      77.  *    71.      73.      81.      87.  
ADDR2                                      D      15.  *   117.  
ADDR22                                     D      16.  *
ALLACCT                                    D      29.  *
APPCODE                                    D      31. A*
APPSECUR                                   F      32. A*
CITY2                                      D      17.  *   118.  
COMMCODE                                   D      26. B*
CURNTDUE                                   F      31. B*
CUSTADDR                                   D      11. B*   102.     117.     127.  
CUSTADR2                                   D      12. B*
CUSTCATG                                   D      17. B*
CUSTCITY                                   D      13. B*   103.     118.     128.  
CUSTCRED                                   F      16. B*
CUSTKEY                                    D       8. B*    97.     102.     121.  
CUSTNAME                                   D      10. B*   102.     116.     126.  
CUSTSTAT                                   D      14. B*   103.     108.     119.     129.  
CUSTSTTS                                   D       9. B*   102.  
CUSTZIP                                    F      15. B*   103.     120.     130.  
D                                          O 5    12. C*    13. D    16. D    31. D
DATE6                                      D      10. A*
DDATA                                      D      13. C*    13. D
ENVS                                       D      11. A*
EOJRTN                                     X     134.  *   106.     109.     142.  
ERRORSW1                                   D      21. A*
ERRORSW2                                   D      22. A*
ERRORSW3                                   D      23. A*
ERRORSW4                                   D      24. A*
FIRSTIME                                   D      17. A*
FROMPGM                                    D      16. A*    28. D    64.     145.  
HEADER                                     X     147.  *   124.  
INDXIT                                     X      26. D*    22. D
INVNUMB                                    D      13. A*
IOERFILE                                   D      28. A*
IOTEST                                     D      26. A*
IOTYPE                                     D      27. A*
KEY2                                       D      20.  *   121.  
KEYCNT                                     F      23.  *
LINES                                      F      34.  *    49.     123.     131.     158.  
LSTPAYDT                                   D      22. B*
LSTPAYPR                                   F      24. B*
LSTSALDT                                   D      21. B*
LSTSALPR                                   F      23. B*



PAGE    3      ACCTSLCT.PLS IDE                                                                               03-22-04 20:06:44
                                         

MAINLINE                                   X      30. D*    22. D
MTDCASH                                    F      39. B*
MTDCRED                                    F      40. B*
NAME                                       D       6.  *    58.  
NAME2                                      D      14.  *   116.  
NOCUST                                     X      61.  *    57.  
NULL                                       X      24. D*    22. D
OKAY                                       X     111.  *
P2FLAG                                     D      30.  *
PD01TO30                                   F      32. B*
PD31TO60                                   F      33. B*
PD61TO90                                   F      34. B*
PDOVR90                                    F      35. B*
PONUMBS                                    D      12. A*
PORTN                                      D       7. A*
PRINTALL                                   X      89.  *    60.      83.      85.      91.     140.  
PRINTEM                                    X     123.  *
PROCEED                                    X      55.  *
READ                                       X     102.  *   132.  
READFLAG                                   D      26.  *
RECCNT                                     F      24.  *   112.     113.  
REPLY                                      D       8.  *    30. D    53.     136.     137.     139.     141.  
RESULT                                     F      11. C*    16. D    22. D
S$CMDLIN                                   D       0.  *
S$ERROR$                                   D       0.  *
S$RETVAL                                   F       0.  *
SECURITY                                   F       9. A*
SETRANGE                                   X      93.  *
STARTIT                                    X      66.  *    69.      75.  
STATE                                      D      32.  *    89.      90.      94.     108.     114.     135.     149.  
STATE2                                     D      18.  *   119.  
STATEKEY                                   D      33.  *    93.      94.      95.      96.      97.  
TESTIT                                     X      22. D*    16. D
TESTONE                                    D      18. A*
TESTTHRE                                   D      20. A*
TESTTWO                                    D      19. A*
TIME                                       D      37.  *    48.  
TITLTEXT                                   D       9. C*    41.      15. D
TODAY                                      D       8. A*   150.  
TWOUP                                      D      28.  *    67.      68.      70.      72.  
USERCODE                                   D      29. A*
USERLOCN                                   D      25. A*
USERNAME                                   D      30. A*
VENDNUMB                                   D      15. A*
ZIP2                                       F      19.  *   120.  

