


PAGE    1      MSSLUPDT.DBS IDE                                                                               03-22-04 23:19:06
                                         

PL/B COMPILER   Version 8.7E  06 Jan 2004 
COMMAND LINE WAS: PLBCMP "MSSLUPDT.DBS","F:\PLC\MSSLUPDT.PLC",,c:\windows\applic~1\sunide\SCRATCH -ZG,ZT,S,ZH,E,X,P "IDE" 

    4.    INCLUDE  A: f:\source\mscbrag.txt
   15.    INCLUDE  B: common.txt
   27.    INCLUDE  C: mspartsf.txt
   29.    INCLUDE  D: mspurchf.txt
   31.    INCLUDE  E: mssalesf.txt
   58.    INCLUDE  F: apmastfd.txt
   60.    INCLUDE  G: custmast.txt
   97.    INCLUDE  H: callerr1.inc
   99.    INCLUDE  I: callerr2.inc
  117.    INCLUDE  J: mspartio.txt
  119.    INCLUDE  K: mssaleio.txt
  121.    INCLUDE  L: mspoio.txt
  123.    INCLUDE  M: stdioerr.txt
  125.    INCLUDE  N: stdfmter.txt
  127.    INCLUDE  O: stdparer.txt
  129.    INCLUDE  P: stdrange.txt
  131.    INCLUDE  Q: custio.txt
  176.    INCLUDE  R: msptsio.txt
  604.                                         GOTO      EOJ  IF F5
                                                   *WARNING*
Warning: Statement has no label and follows unconditional goto.
  860.    INCLUDE  S: apmastrd.txt

   Output: f:\plc\msslupdt.plc                                                                                                                                                                                                                                       
      1747 LINES;      0 ERRORS;      1 WARNINGS; Start/Stop: 23:19:05 23:19:07
  000036C8 DATA;  00001B8C  CODE;   SYMBOL TABLE USAGE:  UDA:   0% EXE:   0%



PAGE    2      MSSLUPDT.DBS IDE                                                                               03-22-04 23:19:07
                                         

"                                          D      30. I*
"                                          D     277.  *   154.     227.     228.     229.     230.     231.     232.  
                                                     *   233.     258.     353.     416.     519.     550.     620.     629.  
                                                     *   883.     911.     917.     921.     933.     946.     951.  
" 0                                        D     141.  *   795.     817.  
"000000                                    D     831.  *
"APMASTER.ISI                              D     148.  *
"BG                                        D     743.  *
"BX                                        D     745.  *
"C                                         D     844.  *   878.  
"EA                                        D     733.  *
"FT                                        D     747.  *
"H                                         D      19. J*    38. J    56. J    71. J    84. J   108. J   121. J   134. J
                                                     *    15. K    36. K    60. K    75. K    95. K    15. L    36. L    60. L
                                                     *    75. L    95. L     8. Q    28. Q    43. Q    17. R
"LB                                        D     741.  *
"M                                         D      15. J*    33. J    52. J    64. J    82. J    97. J   116. J   129. J
                                                     *    13. K    30. K    50. K    69. K    89. K    13. L    30. L    50. L
                                                     *    89. L    32. Q    11. R
"MODIFY SALES HISTORY                      D      98.  *
"MSHISTRY                                  D     470.  *   959.  
"MSPARTFL.ISI                              D      16. J*    34. J    98. J   117. J   130. J
"MSPARTFL/ISI                              D      12. R*
"MSPTXREF.ISI                              D      53. J*    65. J
"MSPURCHS.ISI                              D      11. L*
"MSPURCHS/ISI                              D      28. L*    48. L    67. L    87. L
"MSSALES.ISI                               D      11. K*
"MSSALES/ISI                               D      28. K*    48. K    67. K    87. K
"OPEN                                      D      17. J*    12. K    12. L
"OZ                                        D     739.  *
"READ                                      D      35. J*    54. J    29. K    29. L    13. R
"READKS                                    D      66. J*    99. J    49. K    49. L
"UPDATE                                    D     131. J*    88. K    88. L
"V                                         D     857.  *   881.  
"WRITE                                     D     118. J*    68. K    68. L
"X                                         D      69. L*
0                                          F     237.  *   248.     403.     423.     916.     950.  
1                                          F     774.  *   780.  
13                                         F     776.  *
15                                         F     239.  *   428.  
20                                         F     252.  *   261.     328.     396.     543.     575.  
32                                         F     782.  *
6                                          F     222.  *   256.     310.     378.     457.  
7                                          F     266.  *
9                                          F     405.  *   447.  
ACCKEY                                     D       9. F*   858.       2. S
ACCNO                                      D      13. F*     2. S
ACCST                                      D      21. F*     3. S
ACCTNUMB                                   D      14. B*
ADD1                                       D      15. F*     2. S
ADD2                                       D      16. F*     2. S
ALLSW                                      D      18.  *   154.     192.     201.  
APCONTRL                                   F      43. F*



PAGE    3      MSSLUPDT.DBS IDE                                                                               03-22-04 23:19:07
                                         

APMASTER                                   i      22.  *   148.       2. S
APOVRFLG                                   D      10. F*
APPCODE                                    D      31. B*
APPSECUR                                   F      32. B*
BADLTR                                     X     487.  *   429.     454.  
BLANK30                                    D      62.  *   226.     242.     453.  
CHANGEIT                                   X     402.  *   338.     361.  
CHECKPT2                                   X     582.  *   502.     503.     511.     513.  
CHKDATA                                    X     883.  *   855.     865.     879.     889.  
CINDX1                                     F      34.  *
CITY                                       D      17. F*     2. S
CLEANUP                                    X     932.  *
CLREXIT                                    X     248.  *   240.  
CLRPART                                    X     226.  *   150.     160.  
CLRT                                       X     238.  *   246.  
CLRTABLE                                   X     237.  *   161.     259.  
CLRTRAPS                                   X       7. J*   133.       6. R   687.     709.     910.     945.  
CMARND                                     X     445.  *
CMARNDX                                    X     453.  *   448.  
COMMCODE                                   D      26. G*    23. Q    40. Q
CONT                                       D      36. F*     5. S
CRDRAT                                     D      22. F*     3. S
CSTNAME                                    D      25.  *     7. Q
CURNTDUE                                   F      31. G*    24. Q    41. Q
CURR                                       F      26. F*     4. S
CUSTADDR                                   D      11. G*    19. Q    37. Q
CUSTADR2                                   D      12. G*
CUSTCATG                                   D      17. G*    21. Q    38. Q
CUSTCITY                                   D      13. G*    20. Q    38. Q
CUSTCRED                                   F      16. G*    20. Q    38. Q
CUSTFILE                                   i      24.  *     7. Q    19. Q    37. Q
CUSTKEY                                    D       8. G*    19. Q    37. Q   845.  
CUSTNAME                                   D      10. G*    19. Q    37. Q   853.  
CUSTOMER                                   X     902.  *
CUSTSTAT                                   D      14. G*    20. Q    38. Q
CUSTSTTS                                   D       9. G*    19. Q    37. Q
CUSTZIP                                    F      15. G*    20. Q    38. Q
CYCLOUT                                    X     266.  *   262.  
D                                          O 5    12. H*    13. I    16. I    31. I
DATAIN                                     X     251.  *   223.     925.     934.  
DATE6                                      D      10. B*
DATEIN                                     D      48.  *   696.     717.     764.     765.     766.     767.     768.  
                                                     *   769.     770.     789.     790.     791.     792.     793.     794.  
                                                     *   795.     906.     940.  
DATEIN                                     X     764.  *   823.  
DATERR                                     X     820.  *   775.     777.     781.     783.  
DCUST                                      X     853.  *   848.  
DDATA                                      D      13. H*    13. I
DELBEEP                                    X     647.  *   649.  
DELETE                                     X     620.  *   459.     627.  
DELETP                                     X     665.  *   644.     646.  
DELETS                                     X     651.  *   640.     642.  
DELOK                                      X     639.  *   632.  



PAGE    4      MSSLUPDT.DBS IDE                                                                               03-22-04 23:19:07
                                         

DIN                                        D      37.  *   767.     771.     779.     791.  
DISPLAY                                    X     101.  *
DISPMORE                                   X     462.  *   420.  
DISPPART                                   X     213.  *   185.     202.     205.  
DISPQTY                                    F      64.  *   320.     323.     387.     391.     534.     538.     567.  
                                                     *   570.     694.     716.     755.     757.     758.  
DIVNO                                      D      35. F*     5. S
DLETTER                                    D      88.  *   258.     317.     322.     380.     390.  
DNAME                                      D      51.  *
DOMORE                                     X     150.  *   158.     190.     210.     421.     602.     926.  
DT6                                        D      35.  *   799.     802.     804.     806.     808.     810.     812.  
                                                     *   813.     815.     817.  
ENVS                                       D      11. B*
EOJ                                        X     956.  *   155.     164.     196.     604.  
ERRORSW1                                   D      21. B*
ERRORSW2                                   D      22. B*
ERRORSW3                                   D      23. B*
ERRORSW4                                   D      24. B*
EXT                                        D      34. F*     5. S
FIRSTIME                                   D      17. B*
FORM2                                      F      39.  *   773.     774.     776.     779.     780.     782.  
FROMPGM                                    D      16. B*    28. I
FUT                                        D      38. F*     5. S
GETCUST                                    X      16. Q*   846.  
GETDATA                                    X     275.  *   254.     618.  
GETRID                                     X     629.  *   623.     634.  
GETSALES                                   X     350.  *   285.     288.  
GETSTUFF                                   X     955.  *
GPO                                        X     678.  *   609.     611.     613.     615.     625.     637.     895.  
GPO1                                       X     723.  *   699.     721.  
GVEND                                      X     825.  *   818.     851.     869.  
INDXIT                                     X      26. I*    22. I
INVALID                                    X     187.  *   178.  
INVNUMB                                    D      13. B*
IOERFILE                                   D      28. B*    16. J    34. J    53. J    65. J    98. J   117. J   130. J
                                                     *    11. K    28. K    48. K    67. K    87. K    11. L    28. L    48. L
                                                     *    67. L    87. L    10. M    11. N    11. O    11. P    12. R
IOSW                                       D      17.  *    15. J    19. J    33. J    38. J    52. J    56. J    64. J
                                                     *    71. J    82. J    84. J    97. J   108. J   116. J   121. J   129. J
                                                     *   134. J    13. K    15. K    30. K    36. K    50. K    60. K    69. K
                                                     *    75. K    89. K    95. K    13. L    15. L    30. L    36. L    50. L
                                                     *    60. L    69. L    75. L    89. L    95. L     8. Q    28. Q    32. Q
                                                     *    43. Q    11. R    17. R   184.     195.     284.     510.     524.  
                                                     *   555.     591.     847.     911.     946.  
IOTEST                                     D      26. B*
IOTYPE                                     D      27. B*    17. J    35. J    54. J    66. J    99. J   118. J   131. J
                                                     *    12. K    29. K    49. K    68. K    88. K    12. L    29. L    49. L
                                                     *    68. L    88. L    10. M    11. N    11. O    11. P    13. R
KEY01                                      D      69.  *   243.     312.     383.     440.  
KEY02                                      D      70.  *   243.     312.     383.     440.  
KEY03                                      D      71.  *   243.     312.     383.     440.  
KEY04                                      D      72.  *   243.     312.     383.     440.  
KEY05                                      D      73.  *   243.     313.     383.     441.  



PAGE    5      MSSLUPDT.DBS IDE                                                                               03-22-04 23:19:07
                                         

KEY06                                      D      74.  *   244.     313.     384.     441.  
KEY07                                      D      75.  *   244.     313.     384.     441.  
KEY08                                      D      76.  *   244.     313.     384.     441.  
KEY09                                      D      77.  *   244.     314.     384.     442.  
KEY10                                      D      78.  *   244.     314.     384.     442.  
KEY11                                      D      79.  *   245.     314.     385.     442.  
KEY12                                      D      80.  *   245.     314.     385.     442.  
KEY13                                      D      81.  *   245.     315.     385.     443.  
KEY14                                      D      82.  *   245.     315.     385.     443.  
LASTKEY                                    D      92.  *   307.     375.     462.  
LETRINDX                                   F      87.  *
LETTERS                                    D      86.  *   257.     317.     318.     380.     381.     424.     431.  
                                                     *   434.  
LOOPSCAN                                   X     426.  *   435.  
LOOPSW                                     D      93.  *   283.     344.     346.     358.  
LPAGE                                      F      44. F*
LPAT                                       F      33. F*     5. S
LSTPAYDT                                   D      22. G*    22. Q    39. Q
LSTPAYPR                                   F      24. G*    22. Q    39. Q
LSTSALDT                                   D      21. G*    22. Q    39. Q
LSTSALPR                                   F      23. G*    22. Q    39. Q
MAINLINE                                   X      30. I*    22. I
MDAY                                       D      31. F*     4. S
MIN                                        D      36.  *   765.     771.     773.     790.  
MMON                                       D      30. F*     4. S
MOREDATA                                   X     921.  *   928.     930.  
MOVEPO                                     X     701.  *   683.  
MOVESALE                                   X     685.  *   680.     682.     705.  
MSDESC                                     D      16. C*    36. J   101. J   119. J   132. J    14. R   217.     231.  
MSPARTFL                                   i      10. C*    18. J    36. J   101. J   119. J   132. J    14. R
MSPARTKY                                   D      20. C*    36. J    43. J   119. J   172.      14. R   182.     508.  
                                                     *   588.     597.  
MSPARTNM                                   D      11. C*    18. J
MSPARTNO                                   D      14. C*    36. J   101. J   119. J   132. J   163.     168.     172.  
                                                     *    14. R   204.     213.     227.     276.     287.     352.     360.  
                                                     *   500.     518.     526.     549.     557.  
MSPARTSV                                   D      21. C*
MSPODATE                                   D      30. D*    33. L    53. L    72. L    92. L   324.     539.     717.  
                                                     *   940.  
MSPODUPE                                   X      78. L*    63. L
MSPOJULD                                   D      17. D*    32. L    52. L    71. L    91. L   304.  
MSPOKEY                                    D      36. D*    32. L    40. L    71. L   275.     276.     277.     278.  
                                                     *   279.     480.     517.     518.     519.     520.     521.     666.  
                                                     *   708.  
MSPONUMB                                   D      22. D*    33. L    53. L    72. L    92. L   322.     537.     713.  
                                                     *   937.  
MSPOOPEN                                   X       7. L*   146.  
MSPOPART                                   D      16. D*    32. L    52. L    71. L    91. L   279.     287.     303.  
                                                     *   521.     526.  
MSPOPRC                                    F      28. D*    34. L    54. L    73. L    93. L   324.     539.     719.  
                                                     *   942.  
MSPOQTY                                    F      26. D*    33. L    53. L    72. L    92. L   320.     534.     715.  
                                                     *   716.     939.  



PAGE    6      MSSLUPDT.DBS IDE                                                                               03-22-04 23:19:07
                                         

MSPORDKS                                   X      44. L*   281.     523.  
MSPOREAD                                   X      24. L*   481.     710.  
MSPORTRN                                   X      17. L*    58. L
MSPOSTAT                                   D      12. D*
MSPOSUFX                                   D      18. D*    32. L    52. L    71. L    91. L   305.  
MSPOTYPE                                   D      20. D*    32. L    52. L    71. L    91. L   293.     302.     322.  
                                                     *   531.     537.     668.  
MSPOUOP                                    D      24. D*    33. L    53. L    72. L    92. L   323.     538.     714.  
                                                     *   938.  
MSPOUPDT                                   X      83. L*   669.     947.  
MSPOVEND                                   D      32. D*    33. L    53. L    72. L    92. L   325.     540.     718.  
                                                     *   941.  
MSPOVNAM                                   D      34. D*    34. L    54. L    73. L    93. L   325.     540.     720.  
                                                     *   943.  
MSPOWRIT                                   X      63. L*
MSPTNOTF                                   X      42. J*    29. J     7. R
MSPTOPEN                                   X      14. J*   144.  
MSPTRDKS                                   X      93. J*   194.  
MSPTREAD                                   X      29. J*   509.     590.     598.  
MSPTRTRN                                   X     109. J*    48. J    69. J   104. J
MSPTSRD                                    X       6. R*
MSPTUPDT                                   X     125. J*
MSPTWRIT                                   X     112. J*
MSPTXKY1                                   D      44. C*    55. J    67. J    83. J
MSPTXKY2                                   D      45. C*    55. J    67. J    83. J
MSPTXREF                                   i      39. C*    55. J    67. J    83. J
MSPTXRNM                                   D      40. C*
MSPURCHS                                   i       9. D*    14. L    31. L    32. L    51. L    52. L    70. L    71. L
                                                     *    90. L    91. L   279.     521.  
MSPURNM                                    D      10. D*    14. L
MSSALEFL                                   i       9. E*    14. K    31. K    32. K    51. K    52. K    70. K    71. K
                                                     *    90. K    91. K   355.     552.  
MSSALEKY                                   D      37. E*    32. K    40. K    71. K    79. K    79. L   350.     352.  
                                                     *   353.     354.     355.     473.     548.     549.     550.     551.  
                                                     *   552.     652.     686.  
MSSALENM                                   D      10. E*    14. K
MSSIZE                                     D      15. C*    36. J   101. J   119. J   132. J    14. R   216.     230.  
MSSLCNAM                                   D      35. E*    34. K    54. K    73. K    93. K   393.     572.     698.  
                                                     *   908.  
MSSLCUST                                   D      33. E*    34. K    54. K    73. K    93. K   393.     572.     697.  
                                                     *   907.  
MSSLDATE                                   D      31. E*    33. K    53. K    72. K    92. K   392.     571.     696.  
                                                     *   906.  
MSSLDUPE                                   X      78. K*    63. K
MSSLJULD                                   D      17. E*    32. K    52. K    71. K    91. K   372.  
MSSLNUMB                                   D      22. E*    33. K    53. K    72. K    92. K   390.     569.     691.  
                                                     *   902.  
MSSLOPEN                                   X       7. K*   145.  
MSSLPART                                   D      16. E*    32. K    52. K    71. K    91. K   355.     360.     371.  
                                                     *   552.     557.  
MSSLPRC                                    F      29. E*    34. K    54. K    73. K    93. K   392.     571.     695.  
                                                     *   905.  
MSSLQTY                                    F      27. E*    33. K    53. K    72. K    92. K   387.     567.     693.  



PAGE    7      MSSLUPDT.DBS IDE                                                                               03-22-04 23:19:07
                                         

                                                     *   694.     904.  
MSSLRDKS                                   X      44. K*   357.     554.  
MSSLREAD                                   X      24. K*   474.     688.  
MSSLRTRN                                   X      17. K*    58. K
MSSLSTAT                                   D      12. E*
MSSLSUFX                                   D      18. E*    32. K    52. K    71. K    91. K   373.  
MSSLTYPE                                   D      20. E*    32. K    52. K    71. K    91. K   365.     370.     390.  
                                                     *   562.     569.     654.  
MSSLUOP                                    D      24. E*    33. K    53. K    72. K    92. K   391.     570.     692.  
                                                     *   903.  
MSSLUPDT                                   X      83. K*   655.     912.  
MSSLWRIT                                   X      63. K*
MSSTATUS                                   D      13. C*    36. J   101. J   119. J   132. J    14. R
MSXRFKEY                                   D      47. C*    55. J    83. J
MSXRFPT1                                   D      17. C*    37. J   102. J   120. J   133. J    15. R   214.     219.  
                                                     *   228.  
MSXRFPT2                                   D      18. C*    37. J   102. J   120. J   133. J    15. R   215.     220.  
                                                     *   229.  
MSXRFRD                                    X      48. J*
MSXRFRKS                                   X      60. J*
MSXRFWRT                                   X      78. J*
MTDC                                       F      28. F*     4. S
MTDCASH                                    F      39. G*    25. Q    42. Q
MTDCRED                                    F      40. G*    25. Q    42. Q
MTDD                                       F      27. F*     4. S
MVPO                                       X     707.  *   702.     704.  
MYEAR                                      D      32. F*     4. S
NAME                                       D      14. F*     2. S   863.  
NAMEIN                                     D      50.  *   698.     720.     853.     854.     863.     864.     872.  
                                                     *   908.     943.  
NAMEIN                                     X     872.  *   832.  
NAMEOK                                     X     143.  *
NCOL                                       F      56.  *   403.  
NM1                                        X     881.  *   874.     876.  
NOCUSTFD                                   X      32. Q*    27. Q    36. Q
NOCUSTO                                    X      11. Q*     6. Q    17. Q
NOMSPART                                   X      23. J*    14. J    26. J
NOPOFND                                    X      39. L*    24. L    35. L
NOPURCH                                    X      19. L*     7. L    22. L
NOSALE                                     X      19. K*     7. K    22. K
NOSLFND                                    X      39. K*    24. K    35. K
NROW                                       F      55.  *   222.     251.     252.     256.     260.     261.     263.  
                                                     *   266.     309.     322.     323.     324.     325.     327.     328.  
                                                     *   377.     390.     391.     392.     393.     395.     396.     456.  
                                                     *   457.     537.     538.     539.     540.     542.     543.     569.  
                                                     *   570.     571.     572.     574.     575.     617.     724.     725.  
                                                     *   726.     728.     729.     752.     755.     756.     758.     760.  
                                                     *   761.     762.     764.     771.     822.     825.     826.     854.  
                                                     *   864.     872.     894.  
NULL                                       X      24. I*    22. I
OPENCUST                                   X       5. Q*   143.  
OVR30                                      F      25. F*     3. S
OVR60                                      F      24. F*     3. S



PAGE    8      MSSLUPDT.DBS IDE                                                                               03-22-04 23:19:07
                                         

OVR90                                      F      23. F*     3. S
PARTIN                                     X     160.  *   156.  
PARTIN1                                    X     163.  *
PD01TO30                                   F      32. G*    24. Q    41. Q
PD31TO60                                   F      33. G*    24. Q    41. Q
PD61TO90                                   F      34. G*    24. Q    41. Q
PDOVR90                                    F      35. G*    25. Q    42. Q
PO2                                        X     500.  *
POIN                                       D      44.  *   691.     713.     724.     725.     726.     902.     937.  
POLOOP1                                    X     281.  *   294.     333.     345.     484.  
POLOOP2                                    X     523.  *   532.     546.  
PONUMBS                                    D      12. B*
PORECS                                     X     936.  *   898.  
PORTN                                      D       7. B*   140.  
PORTX                                      D      53.  *   140.     141.  
POSLLOOP                                   X     517.  *   512.     594.  
POSLRTRN                                   X     580.  *   556.     558.  
PRCIN                                      F      47.  *   695.     719.     760.     761.     762.     905.     942.  
PRCIN                                      X     760.  *
PUTCUST                                    X      35. Q*
QTYIN                                      F      46.  *   693.     715.     756.     757.     904.     939.  
QTYIN                                      X     755.  *   734.     736.     738.     740.     742.     744.     746.  
                                                     *   748.  
RCYCLE                                     X     260.  *   264.  
RDKSALL                                    X     192.  *
READKS                                     X     194.  *
RECORDS                                    X     897.  *   887.  
RECYCLE                                    X     256.  *   234.     253.     343.     475.     482.  
REPLY                                      D      41.  *    30. I   152.     337.     416.     419.     431.     451.  
                                                     *   468.     620.     621.     622.     624.     629.     630.     631.  
                                                     *   633.     883.     884.     886.     888.     921.     923.     933.  
RESTRPRT                                   X     597.  *   586.     592.  
RESULT                                     F      11. H*    16. I    22. I
S$CMDLIN                                   D       0.  *
S$ERROR$                                   D       0.  *
S$RETVAL                                   F       0.  *
SAVEPART                                   D      63.  *   182.     204.     500.     597.  
SCANINDX                                   F      91.  *   423.     426.     428.     440.     456.     916.     950.  
SCANKEY                                    D      90.  *   440.     445.     449.     453.     462.     463.     465.  
                                                     *   472.     473.     476.     479.     480.     483.     651.     652.  
                                                     *   662.     665.     666.     675.     685.     686.     689.     707.  
                                                     *   708.     711.     917.     918.     951.     952.  
SCANLOAD                                   X     440.  *   432.  
SECURITY                                   F       9. B*   405.     447.  
SETBLE                                     X     369.  *
SETPURCH                                   X     479.  *   466.  
SETSALES                                   X     472.  *   464.  
SETTABLE                                   X     300.  *
SHWMOR                                     X     343.  *   339.  
SL2                                        X     548.  *   525.     527.  
SLLOOP1                                    X     357.  *   347.     366.     399.     477.  
SLLOOP2                                    X     554.  *   563.     578.  
ST1                                        X     302.  *



PAGE    9      MSSLUPDT.DBS IDE                                                                               03-22-04 23:19:07
                                         

ST2                                        X     370.  *
START                                      X     133.  *   115.  
STATE                                      D      18. F*     2. S
STDFMTER                                   X       9. N*    30. J    49. J    61. J    79. J    94. J   115. J   128. J
                                                     *     9. K    26. K    46. K    65. K    85. K     9. L    26. L    46. L
                                                     *    65. L    85. L    14. N   137.       8. R
STDIOERR                                   X       8. M*    60. J    93. J   112. J   125. J    44. K    83. K    44. L
                                                     *    83. L    13. M   135.  
STDPARER                                   X       9. O*    31. J    50. J    62. J    80. J    95. J   113. J   126. J
                                                     *     8. K    25. K    45. K    64. K    84. K     8. L    25. L    45. L
                                                     *    64. L    84. L    14. O   136.       9. R
STDRANGE                                   X       9. P*    32. J    51. J    63. J    81. J    96. J   114. J   127. J
                                                     *    10. K    27. K    47. K    66. K    86. K    10. L    27. L    47. L
                                                     *    66. L    86. L    14. P   138.      10. R
STOPDISP                                   X     335.  *   332.     341.     397.     544.     576.     583.     584.  
                                                     *   595.  
STOREKEY                                   D      84.  *   242.     243.     300.     302.     303.     304.     305.  
                                                     *   306.     307.     312.     369.     370.     371.     372.     373.  
                                                     *   374.     375.     383.  
STORINDX                                   F      85.  *   237.     238.     239.     243.     248.     309.     310.  
                                                     *   312.     377.     378.     383.  
TAXC                                       D      20. F*     3. S
TELEFONE                                   D      37. F*
TESTIT                                     X      22. I*    16. I
TESTONE                                    D      18. B*
TESTTHRE                                   D      20. B*
TESTTWO                                    D      19. B*
TITLTEXT                                   D       9. H*    98.      15. I
TODAY                                      D       8. B*   102.     801.     802.     805.     806.     809.     810.  
                                                     *   816.  
TOTDUE                                     F      29. F*     4. S
TYPEIN                                     D      43.  *   445.     450.     608.     610.     612.     614.     639.  
                                                     *   641.     643.     645.     678.     679.     681.     701.     703.  
                                                     *   837.     839.     873.     875.  
UOP                                        X     728.  *   753.  
UOPIN                                      D      45.  *   692.     714.     728.     729.     733.     735.     737.  
                                                     *   739.     741.     743.     745.     747.     903.     938.  
USERCODE                                   D      29. B*
USERLOCN                                   D      25. B*
USERNAME                                   D      30. B*
VENDIN                                     D      49.  *   697.     718.     825.     826.     831.     845.     858.  
                                                     *   907.     941.  
VENDNUMB                                   D      15. B*
VENDOR                                     X     857.  *   838.     840.  
VNDNG                                      X     867.  *   862.  
WCUSTREC                                   X     910.  *
WHATNEXT                                   X     930.  *   663.     676.  
WHCH                                       D      40.  *   844.     857.     878.     881.     897.  
WHICH                                      X     837.  *
WHICHPT                                    X     416.  *   406.     489.     919.     953.  
XREF1                                      D      19.  *   219.     232.     501.     508.  
XREF2                                      D      20.  *   220.     233.     582.     585.     588.  
XRFEXIST                                   X      87. J*    78. J



PAGE   10      MSSLUPDT.DBS IDE                                                                               03-22-04 23:19:07
                                         

YIN                                        D      38.  *   769.     771.     792.  
ZIP                                        D      19. F*     2. S

