Duplicate Key at:          802EB0 Key:0407-277            1-06-0100 
Duplicate Key at:          67FC04 Key:100-010Y            4-04-0000 
Duplicate Key at:          84B204 Key:10108658            9-01-0100 
Duplicate Key at:          88A4A4 Key:10140-37            9-11-0100 
Duplicate Key at:          747A08 Key:10897987            4-03-1100 
Duplicate Key at:          817BBC Key:10910174-36         8-02-0100 
Duplicate Key at:          64825C Key:112540-1            4-06-0100 
Duplicate Key at:          77EDF2 Key:11608950-24         0-02-1100 
Duplicate Key at:          758D46 Key:128C224H15          7-06-1100 
Duplicate Key at:          758DA8 Key:128C224H15          7-06-1100 
Duplicate Key at:          758E0A Key:128C224H15          7-06-1100 
Duplicate Key at:          758E6C Key:128C224H15          7-06-1100 
Duplicate Key at:          758ECE Key:128C224H15          7-06-1100 
Duplicate Key at:          758F30 Key:128C224H15          7-06-1100 
Duplicate Key at:          679382 Key:149345              3-03-0000 
Duplicate Key at:          86EFDA Key:158B8734P001        6-08-1100 
Duplicate Key at:          862E26 Key:166B8828P004        0-01-2100 
Duplicate Key at:          830DB0 Key:2047253             0-01-1100 
Duplicate Key at:          8651C0 Key:2047253             9-02-1100 
Duplicate Key at:          75A43E Key:2914409-14          4-06-2100 
Duplicate Key at:          862EEA Key:361A9117P1          1-01-2100 
Duplicate Key at:          695E80 Key:37A102004P101       3-08-0100 
Duplicate Key at:          74F920 Key:42ND12-054          4-04-2000 
Duplicate Key at:          887D36 Key:43-02-095           6-09-2100 
Duplicate Key at:          86A3AC Key:43-02-95            0-05-2100 
Duplicate Key at:          775C18 Key:4730-014-55-7589    0-12-1000 
Duplicate Key at:          775C7A Key:4730-014-55-7589    0-12-1000 
Duplicate Key at:          84BC5A Key:561-250-501         1-01-2100 
Duplicate Key at:          80FBE0 Key:561-250-501         2-11-0100 
Duplicate Key at:          8528B0 Key:583R880H02          0-04-3100 
Duplicate Key at:          870734 Key:583R880H02          8-09-0100 
Duplicate Key at:          815A6E Key:69336-254           5-01-1100 
Duplicate Key at:          895EB0 Key:69336-254           8-05-0100 
Duplicate Key at:          84A6EA Key:69336-254           9-12-1100 
Duplicate Key at:          8725D4 Key:7056714             1-10-1100 
Duplicate Key at:          7E0586 Key:7717-156DAP         0-06-1100 
Duplicate Key at:          7E05E8 Key:7717-156DAP         0-06-1100 
Duplicate Key at:          7E064A Key:7717-156DAP         0-06-1100 
Duplicate Key at:          7C34CA Key:7717-156DAP         3-09-1100 
Duplicate Key at:          7A6286 Key:7731428             8-01-1100 
Duplicate Key at:          7D866E Key:79293               4-03-1100 
Duplicate Key at:          7B9CD0 Key:79293               8-06-2100 
Duplicate Key at:          6AF2C0 Key:80-00-03487         2-01-1100 
Duplicate Key at:          84884A Key:8128-23P6           6-11-2100 
Duplicate Key at:          83446E Key:8904086             4-03-0100 
Duplicate Key at:          6D68DC Key:909245-1            4-08-0000 
Duplicate Key at:          84DD46 Key:9M201-7A            5-02-2100 
Duplicate Key at:          7DB4C0 Key:A3018701-4          2-04-1100 
Duplicate Key at:          854F5A Key:A52513-1            8-06-0100 
Duplicate Key at:          7D3AA2 Key:A55485/02-037N      4-02-0100 
Duplicate Key at:          63E93C Key:A55485/02-037N      8-04-0100 
Duplicate Key at:          867FB0 Key:A55485/04-003N      8-04-0100 
Duplicate Key at:          831E26 Key:AA55469/01-03       8-01-2100 
Duplicate Key at:          831E88 Key:AA55469/01-04       8-01-2100 
Duplicate Key at:          855EAA Key:AA55484-008         4-06-2100 
Duplicate Key at:          8780F0 Key:AA55484-008         9-01-1100 
Duplicate Key at:          82426A Key:AA55484-008         9-07-2100 
Duplicate Key at:          85778C Key:AA55623-128         6-07-1100 
Duplicate Key at:          685C7C Key:AA55624-51          2-05-0100 
Duplicate Key at:          78701A Key:AA59466-002         6-04-1100 
Duplicate Key at:          7E1FF0 Key:AN230-GA10          3-06-2100 
Duplicate Key at:          742FC4 Key:AN3-21              1-02-2100 
Duplicate Key at:          7ECF44 Key:AN320-7             6-10-0100 
Duplicate Key at:          7ADD68 Key:AN5-C7A             2-03-1100 
Duplicate Key at:          743088 Key:AN6-11              1-02-2100 
Duplicate Key at:          7A5892 Key:AN8018-1            2-01-1100 
Duplicate Key at:          82B6CA Key:AN924-4             4-10-2100 
Duplicate Key at:          7D6A1A Key:AN960-2L            2-03-0100 
Duplicate Key at:          8210A6 Key:AN960-2L            4-06-1100 
Duplicate Key at:          7C08C4 Key:AN960-2L            9-08-1100 
Duplicate Key at:          740AA2 Key:AN960-D8            8-02-0100 
Duplicate Key at:          887F82 Key:AP24308/25-9P       8-09-2100 
Duplicate Key at:          7E1BBA Key:APC3140BHT          1-06-2100 
Duplicate Key at:          7F0CE6 Key:AS21919WDG12        5-11-1100 
Duplicate Key at:          669E82 Key:AS21919WDG12        7-12-0100 
Duplicate Key at:          893A52 Key:AS5178R32           0-04-1100 
Duplicate Key at:          893AB4 Key:AS5178R32           0-04-1100 
Duplicate Key at:          77387E Key:AS5194R0604         4-11-2100 
Duplicate Key at:          73988E Key:B1821BH038C088N     1-12-2100 
Duplicate Key at:          7575EC Key:B1821BH038F600N     9-06-0100 
Duplicate Key at:          76E81A Key:CA21037-4-2HS       4-10-2100 
Duplicate Key at:          894E3A Key:CA21062-08-10-15    4-04-2100 
Duplicate Key at:          894E9C Key:CA21062-08-10-15    4-04-2100 
Duplicate Key at:          890B9E Key:CA21062-08-10-15    8-02-2100 
Duplicate Key at:          890C00 Key:CA21062-08-10-15    8-02-2100 
Duplicate Key at:          8750B4 Key:CA21062-08-10-15    8-11-2100 
Duplicate Key at:          894D14 Key:CA21062-08-10-16    4-04-2100 
Duplicate Key at:          894D76 Key:CA21062-08-10-16    4-04-2100 
Duplicate Key at:          871CA4 Key:CONDEC JVA83        0-09-3100 
Duplicate Key at:          6FC552 Key:D10008-04           9-01-2100 
Duplicate Key at:          6FC5B4 Key:D10008-04           9-01-2100 
Duplicate Key at:          6FC616 Key:D10008-04           9-01-2100 
Duplicate Key at:          82AA8A Key:D70336/4-P53        5-10-1100 
Duplicate Key at:          84E240 Key:D70336/4-P53        6-03-0100 
Duplicate Key at:          76A5E0 Key:FG27011P6           3-09-2100 
Duplicate Key at:          855AD6 Key:FRB7500-10-B-3      7-06-1100 
Duplicate Key at:          7E5F1A Key:GUL 718-006-007     0-08-1100 
Duplicate Key at:          7AC6D2 Key:GUL 722-006-001     4-03-0100 
Duplicate Key at:          6878D0 Key:J2295F593C2R10N48C  3-05-1100 
Duplicate Key at:          84CCD0 Key:M12133/1-4          9-02-0100 
Duplicate Key at:          7D8AA4 Key:M12133/4-125        5-03-1100 
Duplicate Key at:          88531A Key:M19622/14-0002      5-08-1100 
Duplicate Key at:          6FAD96 Key:M24066/2-316        2-01-2100 
Duplicate Key at:          77BAA6 Key:M24243/1-B602       1-01-2100 
Duplicate Key at:          70BBDA Key:M24243/1-B602       1-04-1100 
Duplicate Key at:          70BC3C Key:M24243/1-B602       1-04-1100 
Duplicate Key at:          7C201E Key:M24243/1-B602       2-09-0100 
Duplicate Key at:          6EAA0A Key:M24243/1-B602       5-10-2100 
Duplicate Key at:          6EAA6C Key:M24243/1-B602       5-10-2100 
Duplicate Key at:          785CF6 Key:M24243/1-B602       7-04-0100 
Duplicate Key at:          6D7D88 Key:M24243/1-B602       9-08-0100 
Duplicate Key at:          844CF4 Key:M24308/25-7F        0-09-3100 
Duplicate Key at:          73C30C Key:M24308/25-7F        1-01-1100 
Duplicate Key at:          86D5D2 Key:M24308/25-7F        1-07-2100 
Duplicate Key at:          8755AE Key:M24308/25-7F        2-12-0100 
Duplicate Key at:          83FE7A Key:M24308/25-7F        3-07-2100 
Duplicate Key at:          7EB22C Key:M24308/25-7F        3-09-2100 
Duplicate Key at:          7ECD5A Key:M24308/25-7F        4-10-0100 
Duplicate Key at:          7C62BA Key:M24308/25-7F        4-10-1100 
Duplicate Key at:          813672 Key:M24308/25-7F        4-12-1100 
Duplicate Key at:          8137FA Key:M24308/25-7F        4-12-1100 
Duplicate Key at:          85E4A6 Key:M24308/25-7F        5-11-0100 
Duplicate Key at:          7316C8 Key:M24308/25-7F        9-10-1100 
Duplicate Key at:          7EEA10 Key:M24308/25-9P        1-10-2100 
Duplicate Key at:          79093A Key:M24308/25-9P        4-07-1100 
Duplicate Key at:          789726 Key:M24308/25-9P        5-05-0100 
Duplicate Key at:          75ACAA Key:M24308/25-9P        6-06-2100 
Duplicate Key at:          793230 Key:M24308/25-9P        6-08-0100 
Duplicate Key at:          7E8500 Key:M24308/25-9P        6-08-2100 
Duplicate Key at:          7874B2 Key:M24308/25-9P        7-04-1100 
Duplicate Key at:          787514 Key:M24308/25-9P        7-04-1100 
Duplicate Key at:          660B20 Key:M24308/26-1         1-10-2100 
Duplicate Key at:          6DDEC4 Key:M38527/03-001N      5-09-0100 
Duplicate Key at:          892BC6 Key:M38527/05-011D      9-03-2100 
Duplicate Key at:          718536 Key:M39024/11-43        8-06-0100 
Duplicate Key at:          72873A Key:M39024/11-47        0-08-3100 
Duplicate Key at:          72879C Key:M39024/11-47        0-08-3100 
Duplicate Key at:          775F8A Key:M39024/11-47        1-12-1100 
Duplicate Key at:          701AB0 Key:M45938/13-3CL       9-02-1100 
Duplicate Key at:          67ABA0 Key:M5501/31A-605       0-03-1100 
Duplicate Key at:          67AC02 Key:M5501/31A-605       0-03-1100 
Duplicate Key at:          67AC64 Key:M5501/31A-605       0-03-1100 
Duplicate Key at:          69643E Key:M5501/31A-605       5-08-0100 
Duplicate Key at:          85E196 Key:M55149/01-FA04      9-10-2100 
Duplicate Key at:          6757CA Key:M55155/07-01        4-02-1000 
Duplicate Key at:          73B10E Key:M63540/3-22-13      9-01-0000 
Duplicate Key at:          65A052 Key:M6363/5-5           1-09-1000 
Duplicate Key at:          65A0B4 Key:M6363/5-5           1-09-1000 
Duplicate Key at:          65A178 Key:M6363/8-5           1-09-1000 
Duplicate Key at:          65A1DA Key:M6363/8-5           1-09-1000 
Duplicate Key at:          6D5FAC Key:M83734/1-031        2-08-0100 
Duplicate Key at:          74E34E Key:M83734/1-031        7-04-1100 
Duplicate Key at:          6D5DC2 Key:M83734/13-014       2-08-0100 
Duplicate Key at:          74CE40 Key:M83734/13-014       4-04-1100 
Duplicate Key at:          7178F6 Key:M83734/13-014       4-06-0100 
Duplicate Key at:          74E412 Key:M83734/2-014        7-04-1100 
Duplicate Key at:          754EE0 Key:M83734/2-014        7-05-2100 
Duplicate Key at:          6D5E86 Key:M83734/3-014        2-08-0100 
Duplicate Key at:          6D5EE8 Key:M83734/3-014        2-08-0100 
Duplicate Key at:          717832 Key:M83734/4-014        4-06-0100 
Duplicate Key at:          74E28A Key:M83734/4-014        7-04-1100 
Duplicate Key at:          80EDB6 Key:M85449/3-16         8-10-1100 
Duplicate Key at:          8794D8 Key:M85449/3-32         7-02-0100 
Duplicate Key at:          754AAA Key:M85449/3-48         3-05-2000 
Duplicate Key at:          785922 Key:M85731/1-2C         3-04-0100 
Duplicate Key at:          6F1D44 Key:M87111/05-1A053     2-11-2100 
Duplicate Key at:          88BA76 Key:M87111/05-1A053     6-12-0100 
Duplicate Key at:          84202A Key:M87111/07-1A11      4-08-1100 
Duplicate Key at:          7669C6 Key:M87111/07-1A11      8-08-2100 
Duplicate Key at:          899D16 Key:MS122032            2-07-1100 
Duplicate Key at:          883A38 Key:MS122032            9-07-1100 
Duplicate Key at:          797344 Key:MS14238A04-011      0-09-1100 
Duplicate Key at:          79746A Key:MS14238A04-011      0-09-1100 
Duplicate Key at:          797408 Key:MS14238A06-011      0-09-1100 
Duplicate Key at:          76468E Key:MS15795-802         2-08-2100 
Duplicate Key at:          81418C Key:MS15795-803         1-12-2100 
Duplicate Key at:          6CA418 Key:MS15795-803         8-06-0100 
Duplicate Key at:          7D89E0 Key:MS15795-804         5-03-1100 
Duplicate Key at:          7D43D2 Key:MS15795-804         9-02-0100 
Duplicate Key at:          67F7CE Key:MS15795-805         1-04-0100 
Duplicate Key at:          7D4496 Key:MS15795-805         9-02-0100 
Duplicate Key at:          6874FC Key:MS15795-814         3-05-1100 
Duplicate Key at:          7C6506 Key:MS16228-6C          4-10-1100 
Duplicate Key at:          817104 Key:MS16555-717         4-02-0100 
Duplicate Key at:          64A8A4 Key:MS16562-39          2-06-2100 
Duplicate Key at:          67F892 Key:MS16995-1           1-04-0100 
Duplicate Key at:          70DD8A Key:MS16995-10          0-04-2100 
Duplicate Key at:          67F6A8 Key:MS16995-10          1-04-0100 
Duplicate Key at:          67F76C Key:MS16995-10          1-04-0100 
Duplicate Key at:          780BCE Key:MS16995-10          4-02-2100 
Duplicate Key at:          67F830 Key:MS16995-11          1-04-0100 
Duplicate Key at:          67F956 Key:MS16995-12          1-04-0100 
Duplicate Key at:          67F70A Key:MS16995-18          1-04-0100 
Duplicate Key at:          70E348 Key:MS16995-26          0-04-2100 
Duplicate Key at:          74FAA8 Key:MS171583            4-04-2100 
Duplicate Key at:          7CD530 Key:MS17795-11          5-12-1100 
Duplicate Key at:          792778 Key:MS17795-145         1-07-3100 
Duplicate Key at:          8508EA Key:MS17795-26          9-04-0100 
Duplicate Key at:          7E6F90 Key:MS17796-198         7-08-1100 
Duplicate Key at:          862DC4 Key:MS17796-25          0-01-2100 
Duplicate Key at:          697516 Key:MS17830-10C         5-08-0100 
Duplicate Key at:          697826 Key:MS17830-10C         5-08-0100 
Duplicate Key at:          68B116 Key:MS17830-4C          1-06-0100 
Duplicate Key at:          68A4D6 Key:MS17830-4C          5-05-2100 
Duplicate Key at:          6970E0 Key:MS17830-4C          5-08-0100 
Duplicate Key at:          6975DA Key:MS17830-4C          5-08-0100 
Duplicate Key at:          697888 Key:MS17830-4C          5-08-0100 
Duplicate Key at:          689F18 Key:MS17830-5C          5-05-2100 
Duplicate Key at:          697142 Key:MS17830-5C          5-08-0100 
Duplicate Key at:          6978EA Key:MS17830-5C          5-08-0100 
Duplicate Key at:          6971A4 Key:MS17830-6C          5-08-0100 
Duplicate Key at:          697206 Key:MS17830-6C          5-08-0100 
Duplicate Key at:          69794C Key:MS17830-6C          5-08-0100 
Duplicate Key at:          6972CA Key:MS17830-8C          5-08-0100 
Duplicate Key at:          6A10E4 Key:MS20253-P2-050      7-10-0100 
Duplicate Key at:          743210 Key:MS20426AD3-3        1-02-2100 
Duplicate Key at:          6E1336 Key:MS21042-L02         5-09-1100 
Duplicate Key at:          7F299C Key:MS21043-04N         1-12-0100 
Duplicate Key at:          8952D2 Key:MS21043-08          7-04-2100 
Duplicate Key at:          725BF8 Key:MS21044-C3          6-08-1100 
Duplicate Key at:          815512 Key:MS21059-4           0-01-1100 
Duplicate Key at:          82E26E Key:MS21070-L06         2-12-0100 
Duplicate Key at:          82E1AA Key:MS21072-L08         2-12-0100 
Duplicate Key at:          74FDB8 Key:MS21075-3N          5-04-2100 
Duplicate Key at:          74FE1A Key:MS21075-3N          5-04-2100 
Duplicate Key at:          698B4A Key:MS21078-8           0-08-1100 
Duplicate Key at:          718BB8 Key:MS21083-C5          2-06-1100 
Duplicate Key at:          7085E0 Key:MS21083-C7          0-03-2100 
Duplicate Key at:          708642 Key:MS21083-C7          0-03-2100 
Duplicate Key at:          657326 Key:MS21209-C0815       1-08-3100 
Duplicate Key at:          6573EA Key:MS21209-F1-15       1-08-3100 
Duplicate Key at:          8934F6 Key:MS21919-WCE4        5-04-0100 
Duplicate Key at:          86DB90 Key:MS21919-WCE4        5-07-2100 
Duplicate Key at:          7042E2 Key:MS21919-WDG10       3-03-0100 
Duplicate Key at:          8687BA Key:MS24585-C67         9-04-1100 
Duplicate Key at:          7A5956 Key:MS24586-C246        3-01-1100 
Duplicate Key at:          65A982 Key:MS24629-38          1-09-1100 
Duplicate Key at:          65A9E4 Key:MS24629-38          1-09-1100 
Duplicate Key at:          683D7A Key:MS24630-23          0-04-2100 
Duplicate Key at:          71C214 Key:MS24673-16          7-06-2100 
Duplicate Key at:          71C33A Key:MS24673-3           7-06-2100 
Duplicate Key at:          71C3FE Key:MS24673-4           7-06-2100 
Duplicate Key at:          885C4A Key:MS24679-87          9-08-2100 
Duplicate Key at:          652014 Key:MS24693-C24         2-08-0100 
Duplicate Key at:          7BB4EE Key:MS24693-C26         2-07-1100 
Duplicate Key at:          67F646 Key:MS24693-C28         1-04-0100 
Duplicate Key at:          863B2A Key:MS24693-S35         8-01-2100 
Duplicate Key at:          649ADC Key:MS24694-S151        5-06-1100 
Duplicate Key at:          6B0D2A Key:MS24694-S5          3-01-2100 
Duplicate Key at:          767A3C Key:MS27039-1-11        9-09-0100 
Duplicate Key at:          74F9E4 Key:MS27039-5-40        4-04-2000 
Duplicate Key at:          6B40D8 Key:MS27142-2           0-02-1100 
Duplicate Key at:          775D3E Key:MS27142-2           0-12-1100 
Duplicate Key at:          775DA0 Key:MS27142-2           0-12-1100 
Duplicate Key at:          897546 Key:MS27142-2           1-06-0100 
Duplicate Key at:          806ACA Key:MS27142-2           1-07-1100 
Duplicate Key at:          7D587E Key:MS27142-2           3-02-2100 
Duplicate Key at:          79E1E6 Key:MS27142-2           5-11-0100 
Duplicate Key at:          78E5A0 Key:MS27142-2           9-06-1100 
Duplicate Key at:          6F2C94 Key:MS27142-3           0-11-3100 
Duplicate Key at:          77C55E Key:MS27144-1           3-01-2100 
Duplicate Key at:          7DCC1A Key:MS27144-1           3-05-0100 
Duplicate Key at:          83DE52 Key:MS27144-1           3-06-2100 
Duplicate Key at:          7D2222 Key:MS27144-1           4-01-2100 
Duplicate Key at:          79E184 Key:MS27144-1           5-11-0100 
Duplicate Key at:          7770C4 Key:MS27144-1           5-12-1100 
Duplicate Key at:          75512C Key:MS27144-2           7-05-2100 
Duplicate Key at:          6EF638 Key:MS27977-13B         4-11-1100 
Duplicate Key at:          6EF9AA Key:MS27977-20C         6-11-1100 
Duplicate Key at:          7F8082 Key:MS27977-36B         9-02-0100 
Duplicate Key at:          6E5CB6 Key:MS27977-40          2-10-0100 
Duplicate Key at:          7CC51C Key:MS27977-42B         7-12-0100 
Duplicate Key at:          706EE8 Key:MS27977-42N         3-03-1100 
Duplicate Key at:          706F4A Key:MS27977-42N         3-03-1100 
Duplicate Key at:          672ED4 Key:MS27977-42N         9-01-2100 
Duplicate Key at:          86A40E Key:MS28903-14T         0-05-2100 
Duplicate Key at:          7BBA4A Key:MS3212-3            3-07-1100 
Duplicate Key at:          7DCF2A Key:MS3213-23           5-05-0100 
Duplicate Key at:          75DBC0 Key:MS3213-23           7-07-1100 
Duplicate Key at:          70421E Key:MS3498-8            3-03-0100 
Duplicate Key at:          8439D0 Key:MS35206-216         6-09-1100 
Duplicate Key at:          84396E Key:MS35206-221         6-09-1100 
Duplicate Key at:          84390C Key:MS35206-227         6-09-1100 
Duplicate Key at:          86F03C Key:MS35275-241         6-08-1100 
Duplicate Key at:          6801C2 Key:MS35307-3M          6-04-0000 
Duplicate Key at:          8328DE Key:MS35307-404         6-02-0100 
Duplicate Key at:          68F1C8 Key:MS35333-127         4-06-2100 
Duplicate Key at:          6E6F78 Key:MS35335-30          0-10-1100 
Duplicate Key at:          7FD1AA Key:MS35338-134         0-03-3100 
Duplicate Key at:          7BEFE2 Key:MS35338-134         5-08-0100 
Duplicate Key at:          648940 Key:MS35338-134         8-06-0100 
Duplicate Key at:          78D466 Key:MS35338-134         8-06-0100 
Duplicate Key at:          6684DC Key:MS35338-134         9-11-2100 
Duplicate Key at:          772D02 Key:MS35338-135         0-11-2100 
Duplicate Key at:          840ABA Key:MS35338-40          1-08-0100 
Duplicate Key at:          721C6C Key:MS35338-43          1-08-0100 
Duplicate Key at:          6E9684 Key:MS35426-14          9-10-1100 
Duplicate Key at:          867808 Key:MS35426-25          4-04-0100 
Duplicate Key at:          870CF2 Key:MS35426-27          9-09-1100 
Duplicate Key at:          659F2C Key:MS35489-102         1-09-1000 
Duplicate Key at:          659F8E Key:MS35489-102         1-09-1000 
Duplicate Key at:          73D7B8 Key:MS35649-224         1-01-2100 
Duplicate Key at:          66853E Key:MS35649-224         9-11-2100 
Duplicate Key at:          7BB5B2 Key:MS35650-304         2-07-1100 
Duplicate Key at:          6AFA68 Key:MS35650-314         7-01-1100 
Duplicate Key at:          82672A Key:MS35650-3385        2-08-2100 
Duplicate Key at:          84B450 Key:MS35670-2B          4-01-1100 
Duplicate Key at:          79B0E6 Key:MS35672-22          8-10-0100 
Duplicate Key at:          82C0BE Key:MS35782-5           1-10-3100 
Duplicate Key at:          822616 Key:MS39020-1           9-07-0100 
Duplicate Key at:          7EFE5A Key:MS39087-312CB       4-11-0100 
Duplicate Key at:          7A1842 Key:MS51007-4           2-12-0100 
Duplicate Key at:          89F39A Key:MS51496-75          5-10-0100 
Duplicate Key at:          667EBC Key:MS51823-3SS         4-11-2100 
Duplicate Key at:          894EFE Key:MS51939-3           4-04-2100 
Duplicate Key at:          76D248 Key:MS51957-14          4-10-1100 
Duplicate Key at:          6CA4DC Key:MS51957-14          8-06-0100 
Duplicate Key at:          79B51C Key:MS51957-15          3-10-1100 
Duplicate Key at:          6E2286 Key:MS51957-17          9-09-1100 
Duplicate Key at:          7B2250 Key:MS51957-2           5-04-1100 
Duplicate Key at:          6CDC5E Key:MS51957-6           7-06-2100 
Duplicate Key at:          79A25A Key:MS51957-7           6-10-0100 
Duplicate Key at:          6685A0 Key:MS51957-7           9-11-2100 
Duplicate Key at:          699354 Key:MS51958-86          2-08-1100 
Duplicate Key at:          801446 Key:MS51959-3           8-05-0100 
Duplicate Key at:          74434A Key:MS51959-31          6-02-2100 
Duplicate Key at:          65AAA8 Key:MS51967-6           1-09-1100 
Duplicate Key at:          65AB0A Key:MS51967-6           1-09-1100 
Duplicate Key at:          646BC6 Key:MS51972-5           5-05-2100 
Duplicate Key at:          7DBE52 Key:MS51975-36          1-04-2100 
Duplicate Key at:          862F4C Key:MS77068-1           1-01-2100 
Duplicate Key at:          775EC6 Key:MS90725-64          0-12-1100 
Duplicate Key at:          7432D4 Key:MS9349-15           1-02-2100 
Duplicate Key at:          690BD0 Key:MS9350-13           1-07-0100 
Duplicate Key at:          773D78 Key:MS9390-010          6-11-2100 
Duplicate Key at:          6EB770 Key:MS9464-26           0-10-3100 
Duplicate Key at:          6EB7D2 Key:MS9464-26           0-10-3100 
Duplicate Key at:          6EB834 Key:MS9464-26           0-10-3100 
Duplicate Key at:          6EB896 Key:MS9464-26           0-10-3100 
Duplicate Key at:          669058 Key:MS9549-16           1-12-0100 
Duplicate Key at:          696190 Key:MS9902-04           4-08-0100 
Duplicate Key at:          8264DE Key:N157187-6           1-08-2100 
Duplicate Key at:          776858 Key:NA0034C040M         2-12-1000 
Duplicate Key at:          70BAB4 Key:NAS1003-4A          0-04-1100 
Duplicate Key at:          7B34B0 Key:NAS1003-4A          0-04-3100 
Duplicate Key at:          754BD0 Key:NAS1031-D3          3-05-2000 
Duplicate Key at:          74314C Key:NAS1033-N3          1-02-2100 
Duplicate Key at:          8711EC Key:NAS1072-1           1-09-2100 
Duplicate Key at:          87124E Key:NAS1072-1           1-09-2100 
Duplicate Key at:          841A6C Key:NAS1072-3           1-08-1100 
Duplicate Key at:          78DBAC Key:NAS1072-3           2-06-1100 
Duplicate Key at:          78DC0E Key:NAS1072-3           2-06-1100 
Duplicate Key at:          838398 Key:NAS1072-3           3-04-2100 
Duplicate Key at:          7DC90A Key:NAS1072-3           3-05-0100 
Duplicate Key at:          7B243A Key:NAS1072-3           6-04-1100 
Duplicate Key at:          839780 Key:NAS1072-3           7-05-0100 
Duplicate Key at:          7EF1B8 Key:NAS1072-3           8-10-2100 
Duplicate Key at:          7EF21A Key:NAS1072-3           8-10-2100 
Duplicate Key at:          6E8DB6 Key:NAS1101-06-4        6-10-1100 
Duplicate Key at:          6E8E18 Key:NAS1101-06-4        6-10-1100 
Duplicate Key at:          82F3A8 Key:NAS1101-E3H16       6-12-1100 
Duplicate Key at:          87AF42 Key:NAS1129-C08B24      7-02-2100 
Duplicate Key at:          6E84E8 Key:NAS1149-C0432R      3-10-1100 
Duplicate Key at:          663F30 Key:NAS1149-C0863R      4-11-0100 
Duplicate Key at:          6853AE Key:NAS1149-CN416R      7-04-2100 
Duplicate Key at:          74EBBA Key:NAS1149-CN432R      8-04-1100 
Duplicate Key at:          742012 Key:NAS1149-CN816R      5-02-1100 
Duplicate Key at:          850F0A Key:NAS1149-G0716P      4-04-1100 
Duplicate Key at:          7BAE6C Key:NAS1341-C2C35D      7-07-0000 
Duplicate Key at:          71BD1A Key:NAS1351-N8LE16      7-06-2100 
Duplicate Key at:          6BBB58 Key:NAS1352-02-20       8-03-2100 
Duplicate Key at:          83AF9E Key:NAS1352-C06-16B     2-05-2100 
Duplicate Key at:          6CE1BA Key:NAS1523-5E          7-06-2100 
Duplicate Key at:          7F4FE4 Key:NAS1523-AA04B       4-01-0100 
Duplicate Key at:          64697A Key:NAS1523-C04Y        5-05-2100 
Duplicate Key at:          79D7F2 Key:NAS1523-C4H         9-10-2100 
Duplicate Key at:          6EAC56 Key:NAS1635-04-6P       5-10-2100 
Duplicate Key at:          724C46 Key:NAS1635-04-8        3-08-1100 
Duplicate Key at:          743398 Key:NAS1716-D32K        1-02-2100 
Duplicate Key at:          88E492 Key:NAS1723-7-4         5-01-2100 
Duplicate Key at:          743520 Key:NAS1801-06-10       1-02-2100 
Duplicate Key at:          74345C Key:NAS1801-06-8        1-02-2100 
Duplicate Key at:          89F9BA Key:NAS1805-3P          2-10-1100 
Duplicate Key at:          7CC332 Key:NAS1805-3P          3-12-0100 
Duplicate Key at:          86E39A Key:NAS1805-3P          4-08-0100 
Duplicate Key at:          891592 Key:NAS1805-3P          7-03-0100 
