


PAGE    1      HERRICK.PLS IDE                                                                                04-14-11 16:24:42
                                         

PL/B COMPILER   Version 9.4D  12 Nov 2010 
COMMAND LINE WAS: PLBCMP "HERRICK.PLS","C:\DEV\P\CSI\HERRICK.PLC",,c:\users\stuart~1\appdata\roaming\sunide\SCRATCH -ZC,ZG,ZT,S,ZH,E,P,X,L,L=32 "IDE" 
PLBCMP_OPT=-ZC,ZG,ZT,S,ZH,E,P,X,L,L=32 "SEE"

    1.                                sFilename   dim     260 
    2.      00000938                  bStop       form    1
    3.                                 
    4.      00000940                  plfHerrick  plform  Herrick.plf
    4.    INCLUDE  A: herrick.plf
    1. A    00000954                  wnMain                          Window 
    2. A    00000964                  tvMain                          TreeView 
    3. A    00000974                  #EventType      Form    4
    4. A    0000097D                  #EventResult    Form    11
    5. A    0000098D                  #EventObjId     Form    8
    6. A    0000099C                  #EventChar      Dim     1 
    7. A    000009AD                  #EventMod       Form    4
    8. A                               
    9. A    00000000                   GOTO #S
   10. A                               
   11. A    00000006                  #S 
    5.                                 
    6.      00000006                      winhide 
    7.      0000000C                      formload plfHerrick
    8.    1 00000016                      loop 
    9.    1 00000016                          eventwait 
   10.    1 00000018                      repeat until ( bStop )
   11.      0000002E                      stop 
   12.                                    
   13.      00000030                  wnMain_Load 
   14.      00000030                      pack    sFilename with "c:\data\herrick.xml"
   15.      0000003A                      tvMain.LoadXMLFile USING *FileName=sFilename
   16.      00000044                      return 
   17.                                 
   18.      00000046                  wnMain_close 
   19.      00000046                      set     bStop
   20.      0000004C                      return 
   21.                                        

   Output: c:\dev\p\csi\herrick.plc                                                                                                                                                                                                                                  
        32 LINES;      0 ERRORS;      0 WARNINGS; Start/Stop: 16:24:42 16:24:42
  00000AD8 DATA;  00000050  CODE;   SYMBOL TABLE USAGE:  UDA:   0% EXE:   0%



PAGE    2      HERRICK.PLS IDE                                                                                04-14-11 16:24:42
                                         

#EVENTCHAR                                 D        6. A*
#EVENTMOD                                  F        7. A*
#EVENTOBJID                                F        5. A*
#EVENTRESULT                               F        4. A*
#EVENTTYPE                                 F        3. A*
#S                                         X       11. A*     9. A
"FileName                                  D       15.  *
"LoadXMLFile                               D       15.  *
"c:\data\herrick.xml                       D       14.  *
@TF000                                     F       10.  *
BSTOP                                      F        2.  *    10.      19.  
PLFHERRICK                                 O 24     4.  *     7.  
S$CMDLIN                                   D%       0.  *
S$CMPVER$                                  E        0.  *
S$ERROR$                                   D%       0.  *
S$RETVAL                                   F%       0.  *
SFILENAME                                  D        1.  *    14.      15.  
TVMAIN                                     O 1C     2. A*    15.  
WNMAIN                                     O 1E     1. A*
WNMAIN_CLOSE                               X       18.  *
WNMAIN_LOAD                                X       13.  *

